Build started at 2022-02-10T14:03:57.005663
Main binary: /usr/bin/python3
Build Options: -Dmultilib=false -Dpicocrt=false -Datomic-ungetc=false -Dthread-local-storage=false -Dio-long-long=true -Dformat-default=integer -Dincludedir=picolibc/riscv64-unknown-elf/include -Dlibdir=picolibc/riscv64-unknown-elf/lib '--cross-file cross.txt'
Python system: Linux
The Meson build system
Version: 0.60.2
Source dir: /opt/Litex/pythondata-software-picolibc/pythondata_software_picolibc/data
Build dir: /home/gmojicar/Escritorio/Digital_II/Proyecto/Proyecto_Grupo_4/wp04-2021-2-gr04-main/SoC_project/build/nexys4ddr/software/libc
Build type: cross build
Project name: picolibc
Project version: 1.7.4
Sanity testing C compiler: riscv64-unknown-elf-gcc
Is cross compiler: True.
Sanity check compiler command line: riscv64-unknown-elf-gcc sanitycheckc.c -o sanitycheckc_cross.exe -Os -mno-save-restore -march=rv32im -mabi=ilp32 -D__picorv32__ -g3 -fomit-frame-pointer -Wall -fno-builtin -fno-stack-protector -I/opt/Litex/pythondata-software-picolibc/pythondata_software_picolibc/data/newlib/libc/tinystdio -I/opt/Litex/pythondata-software-picolibc/pythondata_software_picolibc/data/newlib/libc/include -I/opt/Litex/litex/litex/soc/software/libbase -I/opt/Litex/litex/litex/soc/software/include -I/opt/Litex/litex/litex/soc/software -I/home/gmojicar/Escritorio/Digital_II/Proyecto/Proyecto_Grupo_4/wp04-2021-2-gr04-main/SoC_project/build/nexys4ddr/software/include -I/home/gmojicar/Escritorio/Digital_II/Proyecto/Proyecto_Grupo_4/wp04-2021-2-gr04-main/SoC_project/build/nexys4ddr/software/include/../libc -I/opt/Litex/litex/litex/soc/cores/cpu/picorv32 -fexceptions -Wpragmas -D_FILE_OFFSET_BITS=64 -c
Sanity check compile stdout:

-----
Sanity check compile stderr:

-----
C compiler for the host machine: riscv64-unknown-elf-gcc (gcc 8.3.0 "riscv64-unknown-elf-gcc (SiFive GCC 8.3.0-2019.08.0) 8.3.0")
C linker for the host machine: riscv64-unknown-elf-gcc ld.bfd 2.32.0-2019
Sanity testing C compiler: cc
Is cross compiler: False.
Sanity check compiler command line: cc sanitycheckc.c -o sanitycheckc.exe -D_FILE_OFFSET_BITS=64
Sanity check compile stdout:

-----
Sanity check compile stderr:

-----
Running test binary command: /home/gmojicar/Escritorio/Digital_II/Proyecto/Proyecto_Grupo_4/wp04-2021-2-gr04-main/SoC_project/build/nexys4ddr/software/libc/meson-private/sanitycheckc.exe
C compiler for the build machine: cc (gcc 7.5.0 "cc (Ubuntu 7.5.0-3ubuntu1~18.04) 7.5.0")
C linker for the build machine: cc ld.bfd 2.30
Build machine cpu family: x86_64
Build machine cpu: x86_64
Host machine cpu family: riscv
Host machine cpu: picorv32
Target machine cpu family: riscv
Target machine cpu: picorv32
Running compile:
Working directory:  /home/gmojicar/Escritorio/Digital_II/Proyecto/Proyecto_Grupo_4/wp04-2021-2-gr04-main/SoC_project/build/nexys4ddr/software/libc/meson-private/tmprrkcxi2u
Command line:  riscv64-unknown-elf-gcc -I/opt/Litex/pythondata-software-picolibc/pythondata_software_picolibc/data/newlib/libc/tinystdio -I/opt/Litex/pythondata-software-picolibc/pythondata_software_picolibc/data/newlib/libc/include -I/opt/Litex/litex/litex/soc/software/libbase -I/opt/Litex/litex/litex/soc/software/include -I/opt/Litex/litex/litex/soc/software -I/home/gmojicar/Escritorio/Digital_II/Proyecto/Proyecto_Grupo_4/wp04-2021-2-gr04-main/SoC_project/build/nexys4ddr/software/include -I/home/gmojicar/Escritorio/Digital_II/Proyecto/Proyecto_Grupo_4/wp04-2021-2-gr04-main/SoC_project/build/nexys4ddr/software/include/../libc -I/opt/Litex/litex/litex/soc/cores/cpu/picorv32 /home/gmojicar/Escritorio/Digital_II/Proyecto/Proyecto_Grupo_4/wp04-2021-2-gr04-main/SoC_project/build/nexys4ddr/software/libc/meson-private/tmprrkcxi2u/testfile.c -o /home/gmojicar/Escritorio/Digital_II/Proyecto/Proyecto_Grupo_4/wp04-2021-2-gr04-main/SoC_project/build/nexys4ddr/software/libc/meson-private/tmprrkcxi2u/output.obj -c -Os -mno-save-restore -march=rv32im -mabi=ilp32 -D__picorv32__ -g3 -fomit-frame-pointer -Wall -fno-builtin -fno-stack-protector -fexceptions -Wpragmas -D_FILE_OFFSET_BITS=64 -O0 -std=c18 

Code:
 
#include <float.h>
#ifndef __LDBL_MANT_DIG__
#error No long double support in float.h
#endif
long double test()
{
	long double ld = 0.0L;
	 return ld;
}

Compiler stdout:
 
Compiler stderr:
 
Checking if "long double check" : compiles: YES 
Running compile:
Working directory:  /home/gmojicar/Escritorio/Digital_II/Proyecto/Proyecto_Grupo_4/wp04-2021-2-gr04-main/SoC_project/build/nexys4ddr/software/libc/meson-private/tmp_bri5bc6
Command line:  riscv64-unknown-elf-gcc -I/opt/Litex/pythondata-software-picolibc/pythondata_software_picolibc/data/newlib/libc/tinystdio -I/opt/Litex/pythondata-software-picolibc/pythondata_software_picolibc/data/newlib/libc/include -I/opt/Litex/litex/litex/soc/software/libbase -I/opt/Litex/litex/litex/soc/software/include -I/opt/Litex/litex/litex/soc/software -I/home/gmojicar/Escritorio/Digital_II/Proyecto/Proyecto_Grupo_4/wp04-2021-2-gr04-main/SoC_project/build/nexys4ddr/software/include -I/home/gmojicar/Escritorio/Digital_II/Proyecto/Proyecto_Grupo_4/wp04-2021-2-gr04-main/SoC_project/build/nexys4ddr/software/include/../libc -I/opt/Litex/litex/litex/soc/cores/cpu/picorv32 /home/gmojicar/Escritorio/Digital_II/Proyecto/Proyecto_Grupo_4/wp04-2021-2-gr04-main/SoC_project/build/nexys4ddr/software/libc/meson-private/tmp_bri5bc6/testfile.c -o /home/gmojicar/Escritorio/Digital_II/Proyecto/Proyecto_Grupo_4/wp04-2021-2-gr04-main/SoC_project/build/nexys4ddr/software/libc/meson-private/tmp_bri5bc6/output.obj -c -Os -mno-save-restore -march=rv32im -mabi=ilp32 -D__picorv32__ -g3 -fomit-frame-pointer -Wall -fno-builtin -fno-stack-protector -fexceptions -Wpragmas -D_FILE_OFFSET_BITS=64 -O0 -std=c18 

Code:
 
#include <float.h>
char size_test[sizeof(double) == sizeof(long double) ? 1 : -1];

Compiler stdout:
 
Compiler stderr:
 /home/gmojicar/Escritorio/Digital_II/Proyecto/Proyecto_Grupo_4/wp04-2021-2-gr04-main/SoC_project/build/nexys4ddr/software/libc/meson-private/tmp_bri5bc6/testfile.c:3:6: error: size of array 'size_test' is negative
 char size_test[sizeof(double) == sizeof(long double) ? 1 : -1];
      ^~~~~~~~~

Checking if "long double same as double" : compiles: NO 
Running compile:
Working directory:  /home/gmojicar/Escritorio/Digital_II/Proyecto/Proyecto_Grupo_4/wp04-2021-2-gr04-main/SoC_project/build/nexys4ddr/software/libc/meson-private/tmpzpai5e9y
Command line:  riscv64-unknown-elf-gcc -I/opt/Litex/pythondata-software-picolibc/pythondata_software_picolibc/data/newlib/libc/tinystdio -I/opt/Litex/pythondata-software-picolibc/pythondata_software_picolibc/data/newlib/libc/include -I/opt/Litex/litex/litex/soc/software/libbase -I/opt/Litex/litex/litex/soc/software/include -I/opt/Litex/litex/litex/soc/software -I/home/gmojicar/Escritorio/Digital_II/Proyecto/Proyecto_Grupo_4/wp04-2021-2-gr04-main/SoC_project/build/nexys4ddr/software/include -I/home/gmojicar/Escritorio/Digital_II/Proyecto/Proyecto_Grupo_4/wp04-2021-2-gr04-main/SoC_project/build/nexys4ddr/software/include/../libc -I/opt/Litex/litex/litex/soc/cores/cpu/picorv32 /home/gmojicar/Escritorio/Digital_II/Proyecto/Proyecto_Grupo_4/wp04-2021-2-gr04-main/SoC_project/build/nexys4ddr/software/libc/meson-private/tmpzpai5e9y/testfile.c -o /home/gmojicar/Escritorio/Digital_II/Proyecto/Proyecto_Grupo_4/wp04-2021-2-gr04-main/SoC_project/build/nexys4ddr/software/libc/meson-private/tmpzpai5e9y/output.obj -c -Os -mno-save-restore -march=rv32im -mabi=ilp32 -D__picorv32__ -g3 -fomit-frame-pointer -Wall -fno-builtin -fno-stack-protector -fexceptions -Wpragmas -D_FILE_OFFSET_BITS=64 -O0 -std=c18 

Code:
 
#include <float.h>
char size_test[__LDBL_MANT_DIG__ == 64 ? 1 : -1];

Compiler stdout:
 
Compiler stderr:
 /home/gmojicar/Escritorio/Digital_II/Proyecto/Proyecto_Grupo_4/wp04-2021-2-gr04-main/SoC_project/build/nexys4ddr/software/libc/meson-private/tmpzpai5e9y/testfile.c:3:6: error: size of array 'size_test' is negative
 char size_test[__LDBL_MANT_DIG__ == 64 ? 1 : -1];
      ^~~~~~~~~

Checking if "long double mantissa is 64 bits" : compiles: NO 
Running compile:
Working directory:  /home/gmojicar/Escritorio/Digital_II/Proyecto/Proyecto_Grupo_4/wp04-2021-2-gr04-main/SoC_project/build/nexys4ddr/software/libc/meson-private/tmpk_3z_qki
Command line:  riscv64-unknown-elf-gcc -I/opt/Litex/pythondata-software-picolibc/pythondata_software_picolibc/data/newlib/libc/tinystdio -I/opt/Litex/pythondata-software-picolibc/pythondata_software_picolibc/data/newlib/libc/include -I/opt/Litex/litex/litex/soc/software/libbase -I/opt/Litex/litex/litex/soc/software/include -I/opt/Litex/litex/litex/soc/software -I/home/gmojicar/Escritorio/Digital_II/Proyecto/Proyecto_Grupo_4/wp04-2021-2-gr04-main/SoC_project/build/nexys4ddr/software/include -I/home/gmojicar/Escritorio/Digital_II/Proyecto/Proyecto_Grupo_4/wp04-2021-2-gr04-main/SoC_project/build/nexys4ddr/software/include/../libc -I/opt/Litex/litex/litex/soc/cores/cpu/picorv32 /home/gmojicar/Escritorio/Digital_II/Proyecto/Proyecto_Grupo_4/wp04-2021-2-gr04-main/SoC_project/build/nexys4ddr/software/libc/meson-private/tmpk_3z_qki/testfile.c -o /home/gmojicar/Escritorio/Digital_II/Proyecto/Proyecto_Grupo_4/wp04-2021-2-gr04-main/SoC_project/build/nexys4ddr/software/libc/meson-private/tmpk_3z_qki/output.obj -c -Os -mno-save-restore -march=rv32im -mabi=ilp32 -D__picorv32__ -g3 -fomit-frame-pointer -Wall -fno-builtin -fno-stack-protector -fexceptions -Wpragmas -D_FILE_OFFSET_BITS=64 -O0 -std=c18 

Code:
 
#include <float.h>
char size_test[__LDBL_MANT_DIG__ == 113 ? 1 : -1];

Compiler stdout:
 
Compiler stderr:
 
Checking if "long double mantissa is 113 bits" : compiles: YES 
Running compile:
Working directory:  /home/gmojicar/Escritorio/Digital_II/Proyecto/Proyecto_Grupo_4/wp04-2021-2-gr04-main/SoC_project/build/nexys4ddr/software/libc/meson-private/tmplsoh4mer
Command line:  riscv64-unknown-elf-gcc -I/opt/Litex/pythondata-software-picolibc/pythondata_software_picolibc/data/newlib/libc/tinystdio -I/opt/Litex/pythondata-software-picolibc/pythondata_software_picolibc/data/newlib/libc/include -I/opt/Litex/litex/litex/soc/software/libbase -I/opt/Litex/litex/litex/soc/software/include -I/opt/Litex/litex/litex/soc/software -I/home/gmojicar/Escritorio/Digital_II/Proyecto/Proyecto_Grupo_4/wp04-2021-2-gr04-main/SoC_project/build/nexys4ddr/software/include -I/home/gmojicar/Escritorio/Digital_II/Proyecto/Proyecto_Grupo_4/wp04-2021-2-gr04-main/SoC_project/build/nexys4ddr/software/include/../libc -I/opt/Litex/litex/litex/soc/cores/cpu/picorv32 /home/gmojicar/Escritorio/Digital_II/Proyecto/Proyecto_Grupo_4/wp04-2021-2-gr04-main/SoC_project/build/nexys4ddr/software/libc/meson-private/tmplsoh4mer/testfile.c -o /home/gmojicar/Escritorio/Digital_II/Proyecto/Proyecto_Grupo_4/wp04-2021-2-gr04-main/SoC_project/build/nexys4ddr/software/libc/meson-private/tmplsoh4mer/output.obj -c -Os -mno-save-restore -march=rv32im -mabi=ilp32 -D__picorv32__ -g3 -fomit-frame-pointer -Wall -fno-builtin -fno-stack-protector -fexceptions -Wpragmas -D_FILE_OFFSET_BITS=64 -O0 -fno-common 

Code:
 extern int i;
int i;

Compiler stdout:
 
Compiler stderr:
 
Compiler for C supports arguments -fno-common: YES 
Running compile:
Working directory:  /home/gmojicar/Escritorio/Digital_II/Proyecto/Proyecto_Grupo_4/wp04-2021-2-gr04-main/SoC_project/build/nexys4ddr/software/libc/meson-private/tmpsmxork5i
Command line:  riscv64-unknown-elf-gcc -I/opt/Litex/pythondata-software-picolibc/pythondata_software_picolibc/data/newlib/libc/tinystdio -I/opt/Litex/pythondata-software-picolibc/pythondata_software_picolibc/data/newlib/libc/include -I/opt/Litex/litex/litex/soc/software/libbase -I/opt/Litex/litex/litex/soc/software/include -I/opt/Litex/litex/litex/soc/software -I/home/gmojicar/Escritorio/Digital_II/Proyecto/Proyecto_Grupo_4/wp04-2021-2-gr04-main/SoC_project/build/nexys4ddr/software/include -I/home/gmojicar/Escritorio/Digital_II/Proyecto/Proyecto_Grupo_4/wp04-2021-2-gr04-main/SoC_project/build/nexys4ddr/software/include/../libc -I/opt/Litex/litex/litex/soc/cores/cpu/picorv32 /home/gmojicar/Escritorio/Digital_II/Proyecto/Proyecto_Grupo_4/wp04-2021-2-gr04-main/SoC_project/build/nexys4ddr/software/libc/meson-private/tmpsmxork5i/testfile.c -o /home/gmojicar/Escritorio/Digital_II/Proyecto/Proyecto_Grupo_4/wp04-2021-2-gr04-main/SoC_project/build/nexys4ddr/software/libc/meson-private/tmpsmxork5i/output.obj -c -Os -mno-save-restore -march=rv32im -mabi=ilp32 -D__picorv32__ -g3 -fomit-frame-pointer -Wall -fno-builtin -fno-stack-protector -fexceptions -Wpragmas -D_FILE_OFFSET_BITS=64 -O0 -frounding-math 

Code:
 extern int i;
int i;

Compiler stdout:
 
Compiler stderr:
 
Compiler for C supports arguments -frounding-math: YES 
Running compile:
Working directory:  /home/gmojicar/Escritorio/Digital_II/Proyecto/Proyecto_Grupo_4/wp04-2021-2-gr04-main/SoC_project/build/nexys4ddr/software/libc/meson-private/tmp77zzpq_n
Command line:  riscv64-unknown-elf-gcc -I/opt/Litex/pythondata-software-picolibc/pythondata_software_picolibc/data/newlib/libc/tinystdio -I/opt/Litex/pythondata-software-picolibc/pythondata_software_picolibc/data/newlib/libc/include -I/opt/Litex/litex/litex/soc/software/libbase -I/opt/Litex/litex/litex/soc/software/include -I/opt/Litex/litex/litex/soc/software -I/home/gmojicar/Escritorio/Digital_II/Proyecto/Proyecto_Grupo_4/wp04-2021-2-gr04-main/SoC_project/build/nexys4ddr/software/include -I/home/gmojicar/Escritorio/Digital_II/Proyecto/Proyecto_Grupo_4/wp04-2021-2-gr04-main/SoC_project/build/nexys4ddr/software/include/../libc -I/opt/Litex/litex/litex/soc/cores/cpu/picorv32 /home/gmojicar/Escritorio/Digital_II/Proyecto/Proyecto_Grupo_4/wp04-2021-2-gr04-main/SoC_project/build/nexys4ddr/software/libc/meson-private/tmp77zzpq_n/testfile.c -o /home/gmojicar/Escritorio/Digital_II/Proyecto/Proyecto_Grupo_4/wp04-2021-2-gr04-main/SoC_project/build/nexys4ddr/software/libc/meson-private/tmp77zzpq_n/output.obj -c -Os -mno-save-restore -march=rv32im -mabi=ilp32 -D__picorv32__ -g3 -fomit-frame-pointer -Wall -fno-builtin -fno-stack-protector -fexceptions -Wpragmas -D_FILE_OFFSET_BITS=64 -O0 -Wunsupported-floating-point-opt -Wno-unsupported-floating-point-opt 

Code:
 extern int i;
int i;

Compiler stdout:
 
Compiler stderr:
 riscv64-unknown-elf-gcc: error: unrecognized command line option '-Wunsupported-floating-point-opt'; did you mean '-Wunsuffixed-float-constants'?

Compiler for C supports arguments -Wno-unsupported-floating-point-opt: NO 
Running compile:
Working directory:  /home/gmojicar/Escritorio/Digital_II/Proyecto/Proyecto_Grupo_4/wp04-2021-2-gr04-main/SoC_project/build/nexys4ddr/software/libc/meson-private/tmp02huwi2y
Command line:  riscv64-unknown-elf-gcc -I/opt/Litex/pythondata-software-picolibc/pythondata_software_picolibc/data/newlib/libc/tinystdio -I/opt/Litex/pythondata-software-picolibc/pythondata_software_picolibc/data/newlib/libc/include -I/opt/Litex/litex/litex/soc/software/libbase -I/opt/Litex/litex/litex/soc/software/include -I/opt/Litex/litex/litex/soc/software -I/home/gmojicar/Escritorio/Digital_II/Proyecto/Proyecto_Grupo_4/wp04-2021-2-gr04-main/SoC_project/build/nexys4ddr/software/include -I/home/gmojicar/Escritorio/Digital_II/Proyecto/Proyecto_Grupo_4/wp04-2021-2-gr04-main/SoC_project/build/nexys4ddr/software/include/../libc -I/opt/Litex/litex/litex/soc/cores/cpu/picorv32 /home/gmojicar/Escritorio/Digital_II/Proyecto/Proyecto_Grupo_4/wp04-2021-2-gr04-main/SoC_project/build/nexys4ddr/software/libc/meson-private/tmp02huwi2y/testfile.c -o /home/gmojicar/Escritorio/Digital_II/Proyecto/Proyecto_Grupo_4/wp04-2021-2-gr04-main/SoC_project/build/nexys4ddr/software/libc/meson-private/tmp02huwi2y/output.obj -c -Os -mno-save-restore -march=rv32im -mabi=ilp32 -D__picorv32__ -g3 -fomit-frame-pointer -Wall -fno-builtin -fno-stack-protector -fexceptions -Wpragmas -D_FILE_OFFSET_BITS=64 -O0 -fno-stack-protector 

Code:
 extern int i;
int i;

Compiler stdout:
 
Compiler stderr:
 
Compiler for C supports arguments -fno-stack-protector: YES 
Running compile:
Working directory:  /home/gmojicar/Escritorio/Digital_II/Proyecto/Proyecto_Grupo_4/wp04-2021-2-gr04-main/SoC_project/build/nexys4ddr/software/libc/meson-private/tmpyvfy9luh
Command line:  riscv64-unknown-elf-gcc -I/opt/Litex/pythondata-software-picolibc/pythondata_software_picolibc/data/newlib/libc/tinystdio -I/opt/Litex/pythondata-software-picolibc/pythondata_software_picolibc/data/newlib/libc/include -I/opt/Litex/litex/litex/soc/software/libbase -I/opt/Litex/litex/litex/soc/software/include -I/opt/Litex/litex/litex/soc/software -I/home/gmojicar/Escritorio/Digital_II/Proyecto/Proyecto_Grupo_4/wp04-2021-2-gr04-main/SoC_project/build/nexys4ddr/software/include -I/home/gmojicar/Escritorio/Digital_II/Proyecto/Proyecto_Grupo_4/wp04-2021-2-gr04-main/SoC_project/build/nexys4ddr/software/include/../libc -I/opt/Litex/litex/litex/soc/cores/cpu/picorv32 /home/gmojicar/Escritorio/Digital_II/Proyecto/Proyecto_Grupo_4/wp04-2021-2-gr04-main/SoC_project/build/nexys4ddr/software/libc/meson-private/tmpyvfy9luh/testfile.c -o /home/gmojicar/Escritorio/Digital_II/Proyecto/Proyecto_Grupo_4/wp04-2021-2-gr04-main/SoC_project/build/nexys4ddr/software/libc/meson-private/tmpyvfy9luh/output.obj -c -Os -mno-save-restore -march=rv32im -mabi=ilp32 -D__picorv32__ -g3 -fomit-frame-pointer -Wall -fno-builtin -fno-stack-protector -fexceptions -Wpragmas -D_FILE_OFFSET_BITS=64 -O0 -O0 

Code:
 #ifdef __cplusplus
        extern "C" {
        #endif
        void meson_uscore_prefix (void) {}
        #ifdef __cplusplus
        }
        #endif
        
Compiler stdout:
 
Compiler stderr:
 
Symbols have underscore prefix: NO
Program riscv64-unknown-elf-gcc-nm found: YES
Program scripts/duplicate-names found: YES (/opt/Litex/pythondata-software-picolibc/pythondata_software_picolibc/data/scripts/duplicate-names)
Running compile:
Working directory:  /home/gmojicar/Escritorio/Digital_II/Proyecto/Proyecto_Grupo_4/wp04-2021-2-gr04-main/SoC_project/build/nexys4ddr/software/libc/meson-private/tmp0k7aedc9
Command line:  riscv64-unknown-elf-gcc -L/home/gmojicar/Escritorio/Digital_II/Proyecto/Proyecto_Grupo_4/wp04-2021-2-gr04-main/SoC_project/build/nexys4ddr/software/include -I/opt/Litex/pythondata-software-picolibc/pythondata_software_picolibc/data/newlib/libc/tinystdio -I/opt/Litex/pythondata-software-picolibc/pythondata_software_picolibc/data/newlib/libc/include -I/opt/Litex/litex/litex/soc/software/libbase -I/opt/Litex/litex/litex/soc/software/include -I/opt/Litex/litex/litex/soc/software -I/home/gmojicar/Escritorio/Digital_II/Proyecto/Proyecto_Grupo_4/wp04-2021-2-gr04-main/SoC_project/build/nexys4ddr/software/include -I/home/gmojicar/Escritorio/Digital_II/Proyecto/Proyecto_Grupo_4/wp04-2021-2-gr04-main/SoC_project/build/nexys4ddr/software/include/../libc -I/opt/Litex/litex/litex/soc/cores/cpu/picorv32 /home/gmojicar/Escritorio/Digital_II/Proyecto/Proyecto_Grupo_4/wp04-2021-2-gr04-main/SoC_project/build/nexys4ddr/software/libc/meson-private/tmp0k7aedc9/testfile.c -o /home/gmojicar/Escritorio/Digital_II/Proyecto/Proyecto_Grupo_4/wp04-2021-2-gr04-main/SoC_project/build/nexys4ddr/software/libc/meson-private/tmp0k7aedc9/output.exe -Os -mno-save-restore -march=rv32im -mabi=ilp32 -D__picorv32__ -g3 -fomit-frame-pointer -Wall -fno-builtin -fno-stack-protector -fexceptions -Wpragmas -D_FILE_OFFSET_BITS=64 -O0 -Wl,--fatal-warnings -Wl,--defsym=_start=0 -nostdlib -nodefaultlibs -Wl,--no-dynamic-linker -Wl,--build-id=none -MD -MP 

Code:
 int main(void) { return 0; }

Compiler stdout:
 
Compiler stderr:
 
Compiler for C supports link arguments -Wl,--defsym=_start=0: YES 
Running compile:
Working directory:  /home/gmojicar/Escritorio/Digital_II/Proyecto/Proyecto_Grupo_4/wp04-2021-2-gr04-main/SoC_project/build/nexys4ddr/software/libc/meson-private/tmp420qlhz_
Command line:  riscv64-unknown-elf-gcc -L/home/gmojicar/Escritorio/Digital_II/Proyecto/Proyecto_Grupo_4/wp04-2021-2-gr04-main/SoC_project/build/nexys4ddr/software/include -I/opt/Litex/pythondata-software-picolibc/pythondata_software_picolibc/data/newlib/libc/tinystdio -I/opt/Litex/pythondata-software-picolibc/pythondata_software_picolibc/data/newlib/libc/include -I/opt/Litex/litex/litex/soc/software/libbase -I/opt/Litex/litex/litex/soc/software/include -I/opt/Litex/litex/litex/soc/software -I/home/gmojicar/Escritorio/Digital_II/Proyecto/Proyecto_Grupo_4/wp04-2021-2-gr04-main/SoC_project/build/nexys4ddr/software/include -I/home/gmojicar/Escritorio/Digital_II/Proyecto/Proyecto_Grupo_4/wp04-2021-2-gr04-main/SoC_project/build/nexys4ddr/software/include/../libc -I/opt/Litex/litex/litex/soc/cores/cpu/picorv32 /home/gmojicar/Escritorio/Digital_II/Proyecto/Proyecto_Grupo_4/wp04-2021-2-gr04-main/SoC_project/build/nexys4ddr/software/libc/meson-private/tmp420qlhz_/testfile.c -o /home/gmojicar/Escritorio/Digital_II/Proyecto/Proyecto_Grupo_4/wp04-2021-2-gr04-main/SoC_project/build/nexys4ddr/software/libc/meson-private/tmp420qlhz_/output.exe -Os -mno-save-restore -march=rv32im -mabi=ilp32 -D__picorv32__ -g3 -fomit-frame-pointer -Wall -fno-builtin -fno-stack-protector -fexceptions -Wpragmas -D_FILE_OFFSET_BITS=64 -O0 -Wl,--fatal-warnings -Wl,-alias,main,testalias -nostdlib -nodefaultlibs -Wl,--no-dynamic-linker -Wl,--build-id=none -MD -MP 

Code:
 int main(void) { return 0; }

Compiler stdout:
 
Compiler stderr:
 /opt/Litex/riscv64-unknown-elf-gcc-8.3.0-2019.08.0-x86_64-linux-ubuntu14/bin/../lib/gcc/riscv64-unknown-elf/8.3.0/../../../../riscv64-unknown-elf/bin/ld: unrecognized -a option `lias'
collect2: error: ld returned 1 exit status

Compiler for C supports link arguments -Wl,-alias,main,testalias: NO 
Running compile:
Working directory:  /home/gmojicar/Escritorio/Digital_II/Proyecto/Proyecto_Grupo_4/wp04-2021-2-gr04-main/SoC_project/build/nexys4ddr/software/libc/meson-private/tmpxzipv_mn
Command line:  riscv64-unknown-elf-gcc -I/opt/Litex/pythondata-software-picolibc/pythondata_software_picolibc/data/newlib/libc/tinystdio -I/opt/Litex/pythondata-software-picolibc/pythondata_software_picolibc/data/newlib/libc/include -I/opt/Litex/litex/litex/soc/software/libbase -I/opt/Litex/litex/litex/soc/software/include -I/opt/Litex/litex/litex/soc/software -I/home/gmojicar/Escritorio/Digital_II/Proyecto/Proyecto_Grupo_4/wp04-2021-2-gr04-main/SoC_project/build/nexys4ddr/software/include -I/home/gmojicar/Escritorio/Digital_II/Proyecto/Proyecto_Grupo_4/wp04-2021-2-gr04-main/SoC_project/build/nexys4ddr/software/include/../libc -I/opt/Litex/litex/litex/soc/cores/cpu/picorv32 /home/gmojicar/Escritorio/Digital_II/Proyecto/Proyecto_Grupo_4/wp04-2021-2-gr04-main/SoC_project/build/nexys4ddr/software/libc/meson-private/tmpxzipv_mn/testfile.c -o /home/gmojicar/Escritorio/Digital_II/Proyecto/Proyecto_Grupo_4/wp04-2021-2-gr04-main/SoC_project/build/nexys4ddr/software/libc/meson-private/tmpxzipv_mn/output.obj -c -Os -mno-save-restore -march=rv32im -mabi=ilp32 -D__picorv32__ -g3 -fomit-frame-pointer -Wall -fno-builtin -fno-stack-protector -fexceptions -Wpragmas -D_FILE_OFFSET_BITS=64 -O0 -Werror=attributes 

Code:
 
        int foo(void) { return 0; }
        int bar(void) __attribute__((alias("foo")));
Compiler stdout:
 
Compiler stderr:
 
Compiler for C supports function attribute alias: YES 
Running compile:
Working directory:  /home/gmojicar/Escritorio/Digital_II/Proyecto/Proyecto_Grupo_4/wp04-2021-2-gr04-main/SoC_project/build/nexys4ddr/software/libc/meson-private/tmp_ha2jt0m
Command line:  riscv64-unknown-elf-gcc -I/opt/Litex/pythondata-software-picolibc/pythondata_software_picolibc/data/newlib/libc/tinystdio -I/opt/Litex/pythondata-software-picolibc/pythondata_software_picolibc/data/newlib/libc/include -I/opt/Litex/litex/litex/soc/software/libbase -I/opt/Litex/litex/litex/soc/software/include -I/opt/Litex/litex/litex/soc/software -I/home/gmojicar/Escritorio/Digital_II/Proyecto/Proyecto_Grupo_4/wp04-2021-2-gr04-main/SoC_project/build/nexys4ddr/software/include -I/home/gmojicar/Escritorio/Digital_II/Proyecto/Proyecto_Grupo_4/wp04-2021-2-gr04-main/SoC_project/build/nexys4ddr/software/include/../libc -I/opt/Litex/litex/litex/soc/cores/cpu/picorv32 /home/gmojicar/Escritorio/Digital_II/Proyecto/Proyecto_Grupo_4/wp04-2021-2-gr04-main/SoC_project/build/nexys4ddr/software/libc/meson-private/tmp_ha2jt0m/testfile.c -o /home/gmojicar/Escritorio/Digital_II/Proyecto/Proyecto_Grupo_4/wp04-2021-2-gr04-main/SoC_project/build/nexys4ddr/software/libc/meson-private/tmp_ha2jt0m/output.obj -c -Os -mno-save-restore -march=rv32im -mabi=ilp32 -D__picorv32__ -g3 -fomit-frame-pointer -Wall -fno-builtin -fno-stack-protector -fexceptions -Wpragmas -D_FILE_OFFSET_BITS=64 -O0 -Werror=attributes 

Code:
 int foo(const char * p, ...) __attribute__((format(printf, 1, 2)));
Compiler stdout:
 
Compiler stderr:
 
Compiler for C supports function attribute format: YES 
Running command: /opt/Litex/riscv64-unknown-elf-gcc-8.3.0-2019.08.0-x86_64-linux-ubuntu14/bin/riscv64-unknown-elf-gcc -print-search-dirs
--- stdout ---
install: /opt/Litex/riscv64-unknown-elf-gcc-8.3.0-2019.08.0-x86_64-linux-ubuntu14/bin/../lib/gcc/riscv64-unknown-elf/8.3.0/
programs: =/opt/Litex/riscv64-unknown-elf-gcc-8.3.0-2019.08.0-x86_64-linux-ubuntu14/bin/../libexec/gcc/riscv64-unknown-elf/8.3.0/:/opt/Litex/riscv64-unknown-elf-gcc-8.3.0-2019.08.0-x86_64-linux-ubuntu14/bin/../libexec/gcc/:/opt/Litex/riscv64-unknown-elf-gcc-8.3.0-2019.08.0-x86_64-linux-ubuntu14/bin/../lib/gcc/riscv64-unknown-elf/8.3.0/../../../../riscv64-unknown-elf/bin/riscv64-unknown-elf/8.3.0/:/opt/Litex/riscv64-unknown-elf-gcc-8.3.0-2019.08.0-x86_64-linux-ubuntu14/bin/../lib/gcc/riscv64-unknown-elf/8.3.0/../../../../riscv64-unknown-elf/bin/
libraries: =/opt/Litex/riscv64-unknown-elf-gcc-8.3.0-2019.08.0-x86_64-linux-ubuntu14/bin/../lib/gcc/riscv64-unknown-elf/8.3.0/rv64imafdc/lp64d/:/opt/Litex/riscv64-unknown-elf-gcc-8.3.0-2019.08.0-x86_64-linux-ubuntu14/bin/../lib/gcc/rv64imafdc/lp64d/:/opt/Litex/riscv64-unknown-elf-gcc-8.3.0-2019.08.0-x86_64-linux-ubuntu14/bin/../lib/gcc/riscv64-unknown-elf/8.3.0/../../../../riscv64-unknown-elf/lib/riscv64-unknown-elf/8.3.0/rv64imafdc/lp64d/:/opt/Litex/riscv64-unknown-elf-gcc-8.3.0-2019.08.0-x86_64-linux-ubuntu14/bin/../lib/gcc/riscv64-unknown-elf/8.3.0/../../../../riscv64-unknown-elf/lib/rv64imafdc/lp64d/:/opt/Litex/riscv64-unknown-elf-gcc-8.3.0-2019.08.0-x86_64-linux-ubuntu14/bin/../riscv64-unknown-elf/lib/riscv64-unknown-elf/8.3.0/rv64imafdc/lp64d/:/opt/Litex/riscv64-unknown-elf-gcc-8.3.0-2019.08.0-x86_64-linux-ubuntu14/bin/../riscv64-unknown-elf/lib/rv64imafdc/lp64d/:/opt/Litex/riscv64-unknown-elf-gcc-8.3.0-2019.08.0-x86_64-linux-ubuntu14/bin/../riscv64-unknown-elf/usr/lib/riscv64-unknown-elf/8.3.0/rv64imafdc/lp64d/:/opt/Litex/riscv64-unknown-elf-gcc-8.3.0-2019.08.0-x86_64-linux-ubuntu14/bin/../riscv64-unknown-elf/usr/lib/rv64imafdc/lp64d/:/opt/Litex/riscv64-unknown-elf-gcc-8.3.0-2019.08.0-x86_64-linux-ubuntu14/bin/../lib/gcc/riscv64-unknown-elf/8.3.0/:/opt/Litex/riscv64-unknown-elf-gcc-8.3.0-2019.08.0-x86_64-linux-ubuntu14/bin/../lib/gcc/:/opt/Litex/riscv64-unknown-elf-gcc-8.3.0-2019.08.0-x86_64-linux-ubuntu14/bin/../lib/gcc/riscv64-unknown-elf/8.3.0/../../../../riscv64-unknown-elf/lib/riscv64-unknown-elf/8.3.0/:/opt/Litex/riscv64-unknown-elf-gcc-8.3.0-2019.08.0-x86_64-linux-ubuntu14/bin/../lib/gcc/riscv64-unknown-elf/8.3.0/../../../../riscv64-unknown-elf/lib/:/opt/Litex/riscv64-unknown-elf-gcc-8.3.0-2019.08.0-x86_64-linux-ubuntu14/bin/../riscv64-unknown-elf/lib/riscv64-unknown-elf/8.3.0/:/opt/Litex/riscv64-unknown-elf-gcc-8.3.0-2019.08.0-x86_64-linux-ubuntu14/bin/../riscv64-unknown-elf/lib/:/opt/Litex/riscv64-unknown-elf-gcc-8.3.0-2019.08.0-x86_64-linux-ubuntu14/bin/../riscv64-unknown-elf/usr/lib/riscv64-unknown-elf/8.3.0/:/opt/Litex/riscv64-unknown-elf-gcc-8.3.0-2019.08.0-x86_64-linux-ubuntu14/bin/../riscv64-unknown-elf/usr/lib/

--- stderr ---


Running command: /usr/bin/expr install: /opt/Litex/riscv64-unknown-elf-gcc-8.3.0-2019.08.0-x86_64-linux-ubuntu14/bin/../lib/gcc/riscv64-unknown-elf/8.3.0/ : install: *\(.*\)
--- stdout ---
/opt/Litex/riscv64-unknown-elf-gcc-8.3.0-2019.08.0-x86_64-linux-ubuntu14/bin/../lib/gcc/riscv64-unknown-elf/8.3.0/

--- stderr ---


Configuring picolibc.specs using configuration
Configuring picolibcpp.specs using configuration
Configuring test.specs using configuration
Configuring picolibc.ld using configuration
Configuring picolibcpp.ld using configuration
Running compile:
Working directory:  /home/gmojicar/Escritorio/Digital_II/Proyecto/Proyecto_Grupo_4/wp04-2021-2-gr04-main/SoC_project/build/nexys4ddr/software/libc/meson-private/tmpd44qbmvp
Command line:  riscv64-unknown-elf-gcc -I/opt/Litex/pythondata-software-picolibc/pythondata_software_picolibc/data/newlib/libc/tinystdio -I/opt/Litex/pythondata-software-picolibc/pythondata_software_picolibc/data/newlib/libc/include -I/opt/Litex/litex/litex/soc/software/libbase -I/opt/Litex/litex/litex/soc/software/include -I/opt/Litex/litex/litex/soc/software -I/home/gmojicar/Escritorio/Digital_II/Proyecto/Proyecto_Grupo_4/wp04-2021-2-gr04-main/SoC_project/build/nexys4ddr/software/include -I/home/gmojicar/Escritorio/Digital_II/Proyecto/Proyecto_Grupo_4/wp04-2021-2-gr04-main/SoC_project/build/nexys4ddr/software/include/../libc -I/opt/Litex/litex/litex/soc/cores/cpu/picorv32 /home/gmojicar/Escritorio/Digital_II/Proyecto/Proyecto_Grupo_4/wp04-2021-2-gr04-main/SoC_project/build/nexys4ddr/software/libc/meson-private/tmpd44qbmvp/testfile.c -o /home/gmojicar/Escritorio/Digital_II/Proyecto/Proyecto_Grupo_4/wp04-2021-2-gr04-main/SoC_project/build/nexys4ddr/software/libc/meson-private/tmpd44qbmvp/output.obj -c -Os -mno-save-restore -march=rv32im -mabi=ilp32 -D__picorv32__ -g3 -fomit-frame-pointer -Wall -fno-builtin -fno-stack-protector -fexceptions -Wpragmas -D_FILE_OFFSET_BITS=64 -O0 -Werror=implicit-function-declaration 

Code:
 extern int i;
int i;

Compiler stdout:
 
Compiler stderr:
 
Compiler for C supports arguments -Werror=implicit-function-declaration: YES 
Running compile:
Working directory:  /home/gmojicar/Escritorio/Digital_II/Proyecto/Proyecto_Grupo_4/wp04-2021-2-gr04-main/SoC_project/build/nexys4ddr/software/libc/meson-private/tmp5kwlu82s
Command line:  riscv64-unknown-elf-gcc -I/opt/Litex/pythondata-software-picolibc/pythondata_software_picolibc/data/newlib/libc/tinystdio -I/opt/Litex/pythondata-software-picolibc/pythondata_software_picolibc/data/newlib/libc/include -I/opt/Litex/litex/litex/soc/software/libbase -I/opt/Litex/litex/litex/soc/software/include -I/opt/Litex/litex/litex/soc/software -I/home/gmojicar/Escritorio/Digital_II/Proyecto/Proyecto_Grupo_4/wp04-2021-2-gr04-main/SoC_project/build/nexys4ddr/software/include -I/home/gmojicar/Escritorio/Digital_II/Proyecto/Proyecto_Grupo_4/wp04-2021-2-gr04-main/SoC_project/build/nexys4ddr/software/include/../libc -I/opt/Litex/litex/litex/soc/cores/cpu/picorv32 /home/gmojicar/Escritorio/Digital_II/Proyecto/Proyecto_Grupo_4/wp04-2021-2-gr04-main/SoC_project/build/nexys4ddr/software/libc/meson-private/tmp5kwlu82s/testfile.c -o /home/gmojicar/Escritorio/Digital_II/Proyecto/Proyecto_Grupo_4/wp04-2021-2-gr04-main/SoC_project/build/nexys4ddr/software/libc/meson-private/tmp5kwlu82s/output.obj -c -Os -mno-save-restore -march=rv32im -mabi=ilp32 -D__picorv32__ -g3 -fomit-frame-pointer -Wall -fno-builtin -fno-stack-protector -fexceptions -Wpragmas -D_FILE_OFFSET_BITS=64 -O0 -Werror=vla 

Code:
 extern int i;
int i;

Compiler stdout:
 
Compiler stderr:
 
Compiler for C supports arguments -Werror=vla: YES 
Running compile:
Working directory:  /home/gmojicar/Escritorio/Digital_II/Proyecto/Proyecto_Grupo_4/wp04-2021-2-gr04-main/SoC_project/build/nexys4ddr/software/libc/meson-private/tmpwooog456
Command line:  riscv64-unknown-elf-gcc -I/opt/Litex/pythondata-software-picolibc/pythondata_software_picolibc/data/newlib/libc/tinystdio -I/opt/Litex/pythondata-software-picolibc/pythondata_software_picolibc/data/newlib/libc/include -I/opt/Litex/litex/litex/soc/software/libbase -I/opt/Litex/litex/litex/soc/software/include -I/opt/Litex/litex/litex/soc/software -I/home/gmojicar/Escritorio/Digital_II/Proyecto/Proyecto_Grupo_4/wp04-2021-2-gr04-main/SoC_project/build/nexys4ddr/software/include -I/home/gmojicar/Escritorio/Digital_II/Proyecto/Proyecto_Grupo_4/wp04-2021-2-gr04-main/SoC_project/build/nexys4ddr/software/include/../libc -I/opt/Litex/litex/litex/soc/cores/cpu/picorv32 /home/gmojicar/Escritorio/Digital_II/Proyecto/Proyecto_Grupo_4/wp04-2021-2-gr04-main/SoC_project/build/nexys4ddr/software/libc/meson-private/tmpwooog456/testfile.c -o /home/gmojicar/Escritorio/Digital_II/Proyecto/Proyecto_Grupo_4/wp04-2021-2-gr04-main/SoC_project/build/nexys4ddr/software/libc/meson-private/tmpwooog456/output.obj -c -Os -mno-save-restore -march=rv32im -mabi=ilp32 -D__picorv32__ -g3 -fomit-frame-pointer -Wall -fno-builtin -fno-stack-protector -fexceptions -Wpragmas -D_FILE_OFFSET_BITS=64 -O0 -Warray-bounds 

Code:
 extern int i;
int i;

Compiler stdout:
 
Compiler stderr:
 
Compiler for C supports arguments -Warray-bounds: YES 
Running compile:
Working directory:  /home/gmojicar/Escritorio/Digital_II/Proyecto/Proyecto_Grupo_4/wp04-2021-2-gr04-main/SoC_project/build/nexys4ddr/software/libc/meson-private/tmp261gfsk5
Command line:  riscv64-unknown-elf-gcc -I/opt/Litex/pythondata-software-picolibc/pythondata_software_picolibc/data/newlib/libc/tinystdio -I/opt/Litex/pythondata-software-picolibc/pythondata_software_picolibc/data/newlib/libc/include -I/opt/Litex/litex/litex/soc/software/libbase -I/opt/Litex/litex/litex/soc/software/include -I/opt/Litex/litex/litex/soc/software -I/home/gmojicar/Escritorio/Digital_II/Proyecto/Proyecto_Grupo_4/wp04-2021-2-gr04-main/SoC_project/build/nexys4ddr/software/include -I/home/gmojicar/Escritorio/Digital_II/Proyecto/Proyecto_Grupo_4/wp04-2021-2-gr04-main/SoC_project/build/nexys4ddr/software/include/../libc -I/opt/Litex/litex/litex/soc/cores/cpu/picorv32 /home/gmojicar/Escritorio/Digital_II/Proyecto/Proyecto_Grupo_4/wp04-2021-2-gr04-main/SoC_project/build/nexys4ddr/software/libc/meson-private/tmp261gfsk5/testfile.c -o /home/gmojicar/Escritorio/Digital_II/Proyecto/Proyecto_Grupo_4/wp04-2021-2-gr04-main/SoC_project/build/nexys4ddr/software/libc/meson-private/tmp261gfsk5/output.obj -c -Os -mno-save-restore -march=rv32im -mabi=ilp32 -D__picorv32__ -g3 -fomit-frame-pointer -Wall -fno-builtin -fno-stack-protector -fexceptions -Wpragmas -D_FILE_OFFSET_BITS=64 -O0 -Wold-style-definition 

Code:
 extern int i;
int i;

Compiler stdout:
 
Compiler stderr:
 
Compiler for C supports arguments -Wold-style-definition: YES 
Running compile:
Working directory:  /home/gmojicar/Escritorio/Digital_II/Proyecto/Proyecto_Grupo_4/wp04-2021-2-gr04-main/SoC_project/build/nexys4ddr/software/libc/meson-private/tmp76rrcspl
Command line:  riscv64-unknown-elf-gcc -I/opt/Litex/pythondata-software-picolibc/pythondata_software_picolibc/data/newlib/libc/tinystdio -I/opt/Litex/pythondata-software-picolibc/pythondata_software_picolibc/data/newlib/libc/include -I/opt/Litex/litex/litex/soc/software/libbase -I/opt/Litex/litex/litex/soc/software/include -I/opt/Litex/litex/litex/soc/software -I/home/gmojicar/Escritorio/Digital_II/Proyecto/Proyecto_Grupo_4/wp04-2021-2-gr04-main/SoC_project/build/nexys4ddr/software/include -I/home/gmojicar/Escritorio/Digital_II/Proyecto/Proyecto_Grupo_4/wp04-2021-2-gr04-main/SoC_project/build/nexys4ddr/software/include/../libc -I/opt/Litex/litex/litex/soc/cores/cpu/picorv32 /home/gmojicar/Escritorio/Digital_II/Proyecto/Proyecto_Grupo_4/wp04-2021-2-gr04-main/SoC_project/build/nexys4ddr/software/libc/meson-private/tmp76rrcspl/testfile.c -o /home/gmojicar/Escritorio/Digital_II/Proyecto/Proyecto_Grupo_4/wp04-2021-2-gr04-main/SoC_project/build/nexys4ddr/software/libc/meson-private/tmp76rrcspl/output.obj -c -Os -mno-save-restore -march=rv32im -mabi=ilp32 -D__picorv32__ -g3 -fomit-frame-pointer -Wall -fno-builtin -fno-stack-protector -fexceptions -Wpragmas -D_FILE_OFFSET_BITS=64 -O0 -Wmissing-braces -Wno-missing-braces 

Code:
 extern int i;
int i;

Compiler stdout:
 
Compiler stderr:
 
Compiler for C supports arguments -Wno-missing-braces: YES 
Running compile:
Working directory:  /home/gmojicar/Escritorio/Digital_II/Proyecto/Proyecto_Grupo_4/wp04-2021-2-gr04-main/SoC_project/build/nexys4ddr/software/libc/meson-private/tmpf3mn527g
Command line:  riscv64-unknown-elf-gcc -I/opt/Litex/pythondata-software-picolibc/pythondata_software_picolibc/data/newlib/libc/tinystdio -I/opt/Litex/pythondata-software-picolibc/pythondata_software_picolibc/data/newlib/libc/include -I/opt/Litex/litex/litex/soc/software/libbase -I/opt/Litex/litex/litex/soc/software/include -I/opt/Litex/litex/litex/soc/software -I/home/gmojicar/Escritorio/Digital_II/Proyecto/Proyecto_Grupo_4/wp04-2021-2-gr04-main/SoC_project/build/nexys4ddr/software/include -I/home/gmojicar/Escritorio/Digital_II/Proyecto/Proyecto_Grupo_4/wp04-2021-2-gr04-main/SoC_project/build/nexys4ddr/software/include/../libc -I/opt/Litex/litex/litex/soc/cores/cpu/picorv32 /home/gmojicar/Escritorio/Digital_II/Proyecto/Proyecto_Grupo_4/wp04-2021-2-gr04-main/SoC_project/build/nexys4ddr/software/libc/meson-private/tmpf3mn527g/testfile.c -o /home/gmojicar/Escritorio/Digital_II/Proyecto/Proyecto_Grupo_4/wp04-2021-2-gr04-main/SoC_project/build/nexys4ddr/software/libc/meson-private/tmpf3mn527g/output.obj -c -Os -mno-save-restore -march=rv32im -mabi=ilp32 -D__picorv32__ -g3 -fomit-frame-pointer -Wall -fno-builtin -fno-stack-protector -fexceptions -Wpragmas -D_FILE_OFFSET_BITS=64 -O0 -Wimplicit-int -Wno-implicit-int 

Code:
 extern int i;
int i;

Compiler stdout:
 
Compiler stderr:
 
Compiler for C supports arguments -Wno-implicit-int: YES 
Running compile:
Working directory:  /home/gmojicar/Escritorio/Digital_II/Proyecto/Proyecto_Grupo_4/wp04-2021-2-gr04-main/SoC_project/build/nexys4ddr/software/libc/meson-private/tmp4tqexo4j
Command line:  riscv64-unknown-elf-gcc -I/opt/Litex/pythondata-software-picolibc/pythondata_software_picolibc/data/newlib/libc/tinystdio -I/opt/Litex/pythondata-software-picolibc/pythondata_software_picolibc/data/newlib/libc/include -I/opt/Litex/litex/litex/soc/software/libbase -I/opt/Litex/litex/litex/soc/software/include -I/opt/Litex/litex/litex/soc/software -I/home/gmojicar/Escritorio/Digital_II/Proyecto/Proyecto_Grupo_4/wp04-2021-2-gr04-main/SoC_project/build/nexys4ddr/software/include -I/home/gmojicar/Escritorio/Digital_II/Proyecto/Proyecto_Grupo_4/wp04-2021-2-gr04-main/SoC_project/build/nexys4ddr/software/include/../libc -I/opt/Litex/litex/litex/soc/cores/cpu/picorv32 /home/gmojicar/Escritorio/Digital_II/Proyecto/Proyecto_Grupo_4/wp04-2021-2-gr04-main/SoC_project/build/nexys4ddr/software/libc/meson-private/tmp4tqexo4j/testfile.c -o /home/gmojicar/Escritorio/Digital_II/Proyecto/Proyecto_Grupo_4/wp04-2021-2-gr04-main/SoC_project/build/nexys4ddr/software/libc/meson-private/tmp4tqexo4j/output.obj -c -Os -mno-save-restore -march=rv32im -mabi=ilp32 -D__picorv32__ -g3 -fomit-frame-pointer -Wall -fno-builtin -fno-stack-protector -fexceptions -Wpragmas -D_FILE_OFFSET_BITS=64 -O0 -Wreturn-type -Wno-return-type 

Code:
 extern int i;
int i;

Compiler stdout:
 
Compiler stderr:
 
Compiler for C supports arguments -Wno-return-type: YES 
Running compile:
Working directory:  /home/gmojicar/Escritorio/Digital_II/Proyecto/Proyecto_Grupo_4/wp04-2021-2-gr04-main/SoC_project/build/nexys4ddr/software/libc/meson-private/tmpqhrwiwgl
Command line:  riscv64-unknown-elf-gcc -I/opt/Litex/pythondata-software-picolibc/pythondata_software_picolibc/data/newlib/libc/tinystdio -I/opt/Litex/pythondata-software-picolibc/pythondata_software_picolibc/data/newlib/libc/include -I/opt/Litex/litex/litex/soc/software/libbase -I/opt/Litex/litex/litex/soc/software/include -I/opt/Litex/litex/litex/soc/software -I/home/gmojicar/Escritorio/Digital_II/Proyecto/Proyecto_Grupo_4/wp04-2021-2-gr04-main/SoC_project/build/nexys4ddr/software/include -I/home/gmojicar/Escritorio/Digital_II/Proyecto/Proyecto_Grupo_4/wp04-2021-2-gr04-main/SoC_project/build/nexys4ddr/software/include/../libc -I/opt/Litex/litex/litex/soc/cores/cpu/picorv32 /home/gmojicar/Escritorio/Digital_II/Proyecto/Proyecto_Grupo_4/wp04-2021-2-gr04-main/SoC_project/build/nexys4ddr/software/libc/meson-private/tmpqhrwiwgl/testfile.c -o /home/gmojicar/Escritorio/Digital_II/Proyecto/Proyecto_Grupo_4/wp04-2021-2-gr04-main/SoC_project/build/nexys4ddr/software/libc/meson-private/tmpqhrwiwgl/output.obj -c -Os -mno-save-restore -march=rv32im -mabi=ilp32 -D__picorv32__ -g3 -fomit-frame-pointer -Wall -fno-builtin -fno-stack-protector -fexceptions -Wpragmas -D_FILE_OFFSET_BITS=64 -O0 -Wunused-command-line-argument -Wno-unused-command-line-argument 

Code:
 extern int i;
int i;

Compiler stdout:
 
Compiler stderr:
 riscv64-unknown-elf-gcc: error: unrecognized command line option '-Wunused-command-line-argument'; did you mean '-Wunused-dummy-argument'?

Compiler for C supports arguments -Wno-unused-command-line-argument: NO 
Running compile:
Working directory:  /home/gmojicar/Escritorio/Digital_II/Proyecto/Proyecto_Grupo_4/wp04-2021-2-gr04-main/SoC_project/build/nexys4ddr/software/libc/meson-private/tmpfhd8g63b
Command line:  riscv64-unknown-elf-gcc -I/opt/Litex/pythondata-software-picolibc/pythondata_software_picolibc/data/newlib/libc/tinystdio -I/opt/Litex/pythondata-software-picolibc/pythondata_software_picolibc/data/newlib/libc/include -I/opt/Litex/litex/litex/soc/software/libbase -I/opt/Litex/litex/litex/soc/software/include -I/opt/Litex/litex/litex/soc/software -I/home/gmojicar/Escritorio/Digital_II/Proyecto/Proyecto_Grupo_4/wp04-2021-2-gr04-main/SoC_project/build/nexys4ddr/software/include -I/home/gmojicar/Escritorio/Digital_II/Proyecto/Proyecto_Grupo_4/wp04-2021-2-gr04-main/SoC_project/build/nexys4ddr/software/include/../libc -I/opt/Litex/litex/litex/soc/cores/cpu/picorv32 /home/gmojicar/Escritorio/Digital_II/Proyecto/Proyecto_Grupo_4/wp04-2021-2-gr04-main/SoC_project/build/nexys4ddr/software/libc/meson-private/tmpfhd8g63b/testfile.c -o /home/gmojicar/Escritorio/Digital_II/Proyecto/Proyecto_Grupo_4/wp04-2021-2-gr04-main/SoC_project/build/nexys4ddr/software/libc/meson-private/tmpfhd8g63b/output.obj -c -Os -mno-save-restore -march=rv32im -mabi=ilp32 -D__picorv32__ -g3 -fomit-frame-pointer -Wall -fno-builtin -fno-stack-protector -fexceptions -Wpragmas -D_FILE_OFFSET_BITS=64 -O0 -std=c18 

Code:
 
struct test { int part: 24; } __attribute__((packed));
unsigned int foobar (const struct test *p) { return p->part; }

Compiler stdout:
 
Compiler stderr:
 
Checking if "packed structs may contain bitfields" : compiles: YES 
Running compile:
Working directory:  /home/gmojicar/Escritorio/Digital_II/Proyecto/Proyecto_Grupo_4/wp04-2021-2-gr04-main/SoC_project/build/nexys4ddr/software/libc/meson-private/tmp60xvxk8i
Command line:  riscv64-unknown-elf-gcc -L/home/gmojicar/Escritorio/Digital_II/Proyecto/Proyecto_Grupo_4/wp04-2021-2-gr04-main/SoC_project/build/nexys4ddr/software/include -I/opt/Litex/pythondata-software-picolibc/pythondata_software_picolibc/data/newlib/libc/tinystdio -I/opt/Litex/pythondata-software-picolibc/pythondata_software_picolibc/data/newlib/libc/include -I/opt/Litex/litex/litex/soc/software/libbase -I/opt/Litex/litex/litex/soc/software/include -I/opt/Litex/litex/litex/soc/software -I/home/gmojicar/Escritorio/Digital_II/Proyecto/Proyecto_Grupo_4/wp04-2021-2-gr04-main/SoC_project/build/nexys4ddr/software/include -I/home/gmojicar/Escritorio/Digital_II/Proyecto/Proyecto_Grupo_4/wp04-2021-2-gr04-main/SoC_project/build/nexys4ddr/software/include/../libc -I/opt/Litex/litex/litex/soc/cores/cpu/picorv32 /home/gmojicar/Escritorio/Digital_II/Proyecto/Proyecto_Grupo_4/wp04-2021-2-gr04-main/SoC_project/build/nexys4ddr/software/libc/meson-private/tmp60xvxk8i/testfile.c -o /home/gmojicar/Escritorio/Digital_II/Proyecto/Proyecto_Grupo_4/wp04-2021-2-gr04-main/SoC_project/build/nexys4ddr/software/libc/meson-private/tmp60xvxk8i/output.exe -Os -mno-save-restore -march=rv32im -mabi=ilp32 -D__picorv32__ -g3 -fomit-frame-pointer -Wall -fno-builtin -fno-stack-protector -fexceptions -Wpragmas -D_FILE_OFFSET_BITS=64 -O0 -std=c18 -nostdlib -nodefaultlibs -Wl,--no-dynamic-linker -Wl,--build-id=none -MD -MP 

Code:
 
#include <stddef.h>
int overflows (size_t a, size_t b) { size_t x; return __builtin_mul_overflow(a, b, &x); }
volatile size_t aa = 42;
int main (void) { return overflows(aa, aa); }

Compiler stdout:
 
Compiler stderr:
 /opt/Litex/riscv64-unknown-elf-gcc-8.3.0-2019.08.0-x86_64-linux-ubuntu14/bin/../lib/gcc/riscv64-unknown-elf/8.3.0/../../../../riscv64-unknown-elf/bin/ld: warning: cannot find entry symbol _start; defaulting to 0000000000010074

Checking if "has __builtin_mul_overflow" : links: YES 
Running compile:
Working directory:  /home/gmojicar/Escritorio/Digital_II/Proyecto/Proyecto_Grupo_4/wp04-2021-2-gr04-main/SoC_project/build/nexys4ddr/software/libc/meson-private/tmpegdfs3z7
Command line:  riscv64-unknown-elf-gcc -I/opt/Litex/pythondata-software-picolibc/pythondata_software_picolibc/data/newlib/libc/tinystdio -I/opt/Litex/pythondata-software-picolibc/pythondata_software_picolibc/data/newlib/libc/include -I/opt/Litex/litex/litex/soc/software/libbase -I/opt/Litex/litex/litex/soc/software/include -I/opt/Litex/litex/litex/soc/software -I/home/gmojicar/Escritorio/Digital_II/Proyecto/Proyecto_Grupo_4/wp04-2021-2-gr04-main/SoC_project/build/nexys4ddr/software/include -I/home/gmojicar/Escritorio/Digital_II/Proyecto/Proyecto_Grupo_4/wp04-2021-2-gr04-main/SoC_project/build/nexys4ddr/software/include/../libc -I/opt/Litex/litex/litex/soc/cores/cpu/picorv32 /home/gmojicar/Escritorio/Digital_II/Proyecto/Proyecto_Grupo_4/wp04-2021-2-gr04-main/SoC_project/build/nexys4ddr/software/libc/meson-private/tmpegdfs3z7/testfile.c -o /home/gmojicar/Escritorio/Digital_II/Proyecto/Proyecto_Grupo_4/wp04-2021-2-gr04-main/SoC_project/build/nexys4ddr/software/libc/meson-private/tmpegdfs3z7/output.obj -c -Os -mno-save-restore -march=rv32im -mabi=ilp32 -D__picorv32__ -g3 -fomit-frame-pointer -Wall -fno-builtin -fno-stack-protector -fexceptions -Wpragmas -D_FILE_OFFSET_BITS=64 -O0 -std=c18 

Code:
 
float _Complex test(float _Complex z) { return z; }

Compiler stdout:
 
Compiler stderr:
 
Checking if "supports _Complex" : compiles: YES 
Running compile:
Working directory:  /home/gmojicar/Escritorio/Digital_II/Proyecto/Proyecto_Grupo_4/wp04-2021-2-gr04-main/SoC_project/build/nexys4ddr/software/libc/meson-private/tmpm7ph4y85
Command line:  riscv64-unknown-elf-gcc -L/home/gmojicar/Escritorio/Digital_II/Proyecto/Proyecto_Grupo_4/wp04-2021-2-gr04-main/SoC_project/build/nexys4ddr/software/include -I/opt/Litex/pythondata-software-picolibc/pythondata_software_picolibc/data/newlib/libc/tinystdio -I/opt/Litex/pythondata-software-picolibc/pythondata_software_picolibc/data/newlib/libc/include -I/opt/Litex/litex/litex/soc/software/libbase -I/opt/Litex/litex/litex/soc/software/include -I/opt/Litex/litex/litex/soc/software -I/home/gmojicar/Escritorio/Digital_II/Proyecto/Proyecto_Grupo_4/wp04-2021-2-gr04-main/SoC_project/build/nexys4ddr/software/include -I/home/gmojicar/Escritorio/Digital_II/Proyecto/Proyecto_Grupo_4/wp04-2021-2-gr04-main/SoC_project/build/nexys4ddr/software/include/../libc -I/opt/Litex/litex/litex/soc/cores/cpu/picorv32 /home/gmojicar/Escritorio/Digital_II/Proyecto/Proyecto_Grupo_4/wp04-2021-2-gr04-main/SoC_project/build/nexys4ddr/software/libc/meson-private/tmpm7ph4y85/testfile.c -o /home/gmojicar/Escritorio/Digital_II/Proyecto/Proyecto_Grupo_4/wp04-2021-2-gr04-main/SoC_project/build/nexys4ddr/software/libc/meson-private/tmpm7ph4y85/output.exe -Os -mno-save-restore -march=rv32im -mabi=ilp32 -D__picorv32__ -g3 -fomit-frame-pointer -Wall -fno-builtin -fno-stack-protector -fexceptions -Wpragmas -D_FILE_OFFSET_BITS=64 -O0 -std=c18 -nostdlib -nodefaultlibs -Wl,--no-dynamic-linker -Wl,--build-id=none -MD -MP 

Code:
 
volatile int a = 42;
int main (void) {
  return __builtin_expect(a, 1);
}

Compiler stdout:
 
Compiler stderr:
 /opt/Litex/riscv64-unknown-elf-gcc-8.3.0-2019.08.0-x86_64-linux-ubuntu14/bin/../lib/gcc/riscv64-unknown-elf/8.3.0/../../../../riscv64-unknown-elf/bin/ld: warning: cannot find entry symbol _start; defaulting to 0000000000010074

Checking if "has __builtin_expect" : links: YES 
Running compile:
Working directory:  /home/gmojicar/Escritorio/Digital_II/Proyecto/Proyecto_Grupo_4/wp04-2021-2-gr04-main/SoC_project/build/nexys4ddr/software/libc/meson-private/tmp7gi_lvng
Command line:  riscv64-unknown-elf-gcc -I/opt/Litex/pythondata-software-picolibc/pythondata_software_picolibc/data/newlib/libc/tinystdio -I/opt/Litex/pythondata-software-picolibc/pythondata_software_picolibc/data/newlib/libc/include -I/opt/Litex/litex/litex/soc/software/libbase -I/opt/Litex/litex/litex/soc/software/include -I/opt/Litex/litex/litex/soc/software -I/home/gmojicar/Escritorio/Digital_II/Proyecto/Proyecto_Grupo_4/wp04-2021-2-gr04-main/SoC_project/build/nexys4ddr/software/include -I/home/gmojicar/Escritorio/Digital_II/Proyecto/Proyecto_Grupo_4/wp04-2021-2-gr04-main/SoC_project/build/nexys4ddr/software/include/../libc -I/opt/Litex/litex/litex/soc/cores/cpu/picorv32 /home/gmojicar/Escritorio/Digital_II/Proyecto/Proyecto_Grupo_4/wp04-2021-2-gr04-main/SoC_project/build/nexys4ddr/software/libc/meson-private/tmp7gi_lvng/testfile.c -o /home/gmojicar/Escritorio/Digital_II/Proyecto/Proyecto_Grupo_4/wp04-2021-2-gr04-main/SoC_project/build/nexys4ddr/software/libc/meson-private/tmp7gi_lvng/output.obj -c -Os -mno-save-restore -march=rv32im -mabi=ilp32 -D__picorv32__ -g3 -fomit-frame-pointer -Wall -fno-builtin -fno-stack-protector -fexceptions -Wpragmas -D_FILE_OFFSET_BITS=64 -O0 -Werror 

Code:
 extern int i;
int i;

Compiler stdout:
 
Compiler stderr:
 
Compiler for C supports arguments -Werror: YES 
Running compile:
Working directory:  /home/gmojicar/Escritorio/Digital_II/Proyecto/Proyecto_Grupo_4/wp04-2021-2-gr04-main/SoC_project/build/nexys4ddr/software/libc/meson-private/tmpmcvhpidm
Command line:  riscv64-unknown-elf-gcc -I/opt/Litex/pythondata-software-picolibc/pythondata_software_picolibc/data/newlib/libc/tinystdio -I/opt/Litex/pythondata-software-picolibc/pythondata_software_picolibc/data/newlib/libc/include -I/opt/Litex/litex/litex/soc/software/libbase -I/opt/Litex/litex/litex/soc/software/include -I/opt/Litex/litex/litex/soc/software -I/home/gmojicar/Escritorio/Digital_II/Proyecto/Proyecto_Grupo_4/wp04-2021-2-gr04-main/SoC_project/build/nexys4ddr/software/include -I/home/gmojicar/Escritorio/Digital_II/Proyecto/Proyecto_Grupo_4/wp04-2021-2-gr04-main/SoC_project/build/nexys4ddr/software/include/../libc -I/opt/Litex/litex/litex/soc/cores/cpu/picorv32 /home/gmojicar/Escritorio/Digital_II/Proyecto/Proyecto_Grupo_4/wp04-2021-2-gr04-main/SoC_project/build/nexys4ddr/software/libc/meson-private/tmpmcvhpidm/testfile.c -o /home/gmojicar/Escritorio/Digital_II/Proyecto/Proyecto_Grupo_4/wp04-2021-2-gr04-main/SoC_project/build/nexys4ddr/software/libc/meson-private/tmpmcvhpidm/output.obj -c -Os -mno-save-restore -march=rv32im -mabi=ilp32 -D__picorv32__ -g3 -fomit-frame-pointer -Wall -fno-builtin -fno-stack-protector -fexceptions -Wpragmas -D_FILE_OFFSET_BITS=64 -O0 -std=c18 -Werror 

Code:
 
void *foobar(size_t) __attribute__((__alloc_size__(1)));
void *foobar2(size_t, size_t) __attribute__((__alloc_size__(1, 2)));

Compiler stdout:
 
Compiler stderr:
 /home/gmojicar/Escritorio/Digital_II/Proyecto/Proyecto_Grupo_4/wp04-2021-2-gr04-main/SoC_project/build/nexys4ddr/software/libc/meson-private/tmpmcvhpidm/testfile.c:2:1: error: parameter names (without types) in function declaration [-Werror]
 void *foobar(size_t) __attribute__((__alloc_size__(1)));
 ^~~~
/home/gmojicar/Escritorio/Digital_II/Proyecto/Proyecto_Grupo_4/wp04-2021-2-gr04-main/SoC_project/build/nexys4ddr/software/libc/meson-private/tmpmcvhpidm/testfile.c:2:1: error: alloc_size parameter outside range [-Werror=attributes]
/home/gmojicar/Escritorio/Digital_II/Proyecto/Proyecto_Grupo_4/wp04-2021-2-gr04-main/SoC_project/build/nexys4ddr/software/libc/meson-private/tmpmcvhpidm/testfile.c:3:1: error: parameter names (without types) in function declaration [-Werror]
 void *foobar2(size_t, size_t) __attribute__((__alloc_size__(1, 2)));
 ^~~~
/home/gmojicar/Escritorio/Digital_II/Proyecto/Proyecto_Grupo_4/wp04-2021-2-gr04-main/SoC_project/build/nexys4ddr/software/libc/meson-private/tmpmcvhpidm/testfile.c:3:1: error: alloc_size parameter outside range [-Werror=attributes]
cc1: all warnings being treated as errors

Checking if "attribute __alloc_size__" : compiles: NO 
Using cached compile:
Cached command line:   

Code:
 extern int i;
int i;

Cached compiler stdout:
 
Cached compiler stderr:
 
Compiler for C supports arguments -Werror: YES (cached)
Running compile:
Working directory:  /home/gmojicar/Escritorio/Digital_II/Proyecto/Proyecto_Grupo_4/wp04-2021-2-gr04-main/SoC_project/build/nexys4ddr/software/libc/meson-private/tmpfsbaca8t
Command line:  riscv64-unknown-elf-gcc -I/opt/Litex/pythondata-software-picolibc/pythondata_software_picolibc/data/newlib/libc/tinystdio -I/opt/Litex/pythondata-software-picolibc/pythondata_software_picolibc/data/newlib/libc/include -I/opt/Litex/litex/litex/soc/software/libbase -I/opt/Litex/litex/litex/soc/software/include -I/opt/Litex/litex/litex/soc/software -I/home/gmojicar/Escritorio/Digital_II/Proyecto/Proyecto_Grupo_4/wp04-2021-2-gr04-main/SoC_project/build/nexys4ddr/software/include -I/home/gmojicar/Escritorio/Digital_II/Proyecto/Proyecto_Grupo_4/wp04-2021-2-gr04-main/SoC_project/build/nexys4ddr/software/include/../libc -I/opt/Litex/litex/litex/soc/cores/cpu/picorv32 /home/gmojicar/Escritorio/Digital_II/Proyecto/Proyecto_Grupo_4/wp04-2021-2-gr04-main/SoC_project/build/nexys4ddr/software/libc/meson-private/tmpfsbaca8t/testfile.c -o /home/gmojicar/Escritorio/Digital_II/Proyecto/Proyecto_Grupo_4/wp04-2021-2-gr04-main/SoC_project/build/nexys4ddr/software/libc/meson-private/tmpfsbaca8t/output.obj -c -Os -mno-save-restore -march=rv32im -mabi=ilp32 -D__picorv32__ -g3 -fomit-frame-pointer -Wall -fno-builtin -fno-stack-protector -fexceptions -Wpragmas -D_FILE_OFFSET_BITS=64 -O0 -std=c18 -Werror 

Code:
 
void __attribute__((constructor(101))) ctor (void) {}
void __attribute__((destructor(101))) dtor (void) {}

Compiler stdout:
 
Compiler stderr:
 
Checking if "attributes constructor/destructor" : compiles: YES 
Running compile:
Working directory:  /home/gmojicar/Escritorio/Digital_II/Proyecto/Proyecto_Grupo_4/wp04-2021-2-gr04-main/SoC_project/build/nexys4ddr/software/libc/meson-private/tmpxqudsy29
Command line:  riscv64-unknown-elf-gcc -L/home/gmojicar/Escritorio/Digital_II/Proyecto/Proyecto_Grupo_4/wp04-2021-2-gr04-main/SoC_project/build/nexys4ddr/software/include -I/opt/Litex/pythondata-software-picolibc/pythondata_software_picolibc/data/newlib/libc/tinystdio -I/opt/Litex/pythondata-software-picolibc/pythondata_software_picolibc/data/newlib/libc/include -I/opt/Litex/litex/litex/soc/software/libbase -I/opt/Litex/litex/litex/soc/software/include -I/opt/Litex/litex/litex/soc/software -I/home/gmojicar/Escritorio/Digital_II/Proyecto/Proyecto_Grupo_4/wp04-2021-2-gr04-main/SoC_project/build/nexys4ddr/software/include -I/home/gmojicar/Escritorio/Digital_II/Proyecto/Proyecto_Grupo_4/wp04-2021-2-gr04-main/SoC_project/build/nexys4ddr/software/include/../libc -I/opt/Litex/litex/litex/soc/cores/cpu/picorv32 /home/gmojicar/Escritorio/Digital_II/Proyecto/Proyecto_Grupo_4/wp04-2021-2-gr04-main/SoC_project/build/nexys4ddr/software/libc/meson-private/tmpxqudsy29/testfile.c -o /home/gmojicar/Escritorio/Digital_II/Proyecto/Proyecto_Grupo_4/wp04-2021-2-gr04-main/SoC_project/build/nexys4ddr/software/libc/meson-private/tmpxqudsy29/output.exe -Os -mno-save-restore -march=rv32im -mabi=ilp32 -D__picorv32__ -g3 -fomit-frame-pointer -Wall -fno-builtin -fno-stack-protector -fexceptions -Wpragmas -D_FILE_OFFSET_BITS=64 -O0 -std=c18 -nostdlib -nodefaultlibs -Wl,--no-dynamic-linker -Wl,--build-id=none -MD -MP 

Code:
 
static int foo(void * i __attribute__((unused))) { return 0; }
int main(void) { return foo(__builtin_alloca(1)); }

Compiler stdout:
 
Compiler stderr:
 /opt/Litex/riscv64-unknown-elf-gcc-8.3.0-2019.08.0-x86_64-linux-ubuntu14/bin/../lib/gcc/riscv64-unknown-elf/8.3.0/../../../../riscv64-unknown-elf/bin/ld: warning: cannot find entry symbol _start; defaulting to 0000000000010054

Checking if "test for __builtin_alloca" : links: YES 
Running compile:
Working directory:  /home/gmojicar/Escritorio/Digital_II/Proyecto/Proyecto_Grupo_4/wp04-2021-2-gr04-main/SoC_project/build/nexys4ddr/software/libc/meson-private/tmp793pr9n6
Command line:  riscv64-unknown-elf-gcc -L/home/gmojicar/Escritorio/Digital_II/Proyecto/Proyecto_Grupo_4/wp04-2021-2-gr04-main/SoC_project/build/nexys4ddr/software/include -I/opt/Litex/pythondata-software-picolibc/pythondata_software_picolibc/data/newlib/libc/tinystdio -I/opt/Litex/pythondata-software-picolibc/pythondata_software_picolibc/data/newlib/libc/include -I/opt/Litex/litex/litex/soc/software/libbase -I/opt/Litex/litex/litex/soc/software/include -I/opt/Litex/litex/litex/soc/software -I/home/gmojicar/Escritorio/Digital_II/Proyecto/Proyecto_Grupo_4/wp04-2021-2-gr04-main/SoC_project/build/nexys4ddr/software/include -I/home/gmojicar/Escritorio/Digital_II/Proyecto/Proyecto_Grupo_4/wp04-2021-2-gr04-main/SoC_project/build/nexys4ddr/software/include/../libc -I/opt/Litex/litex/litex/soc/cores/cpu/picorv32 /home/gmojicar/Escritorio/Digital_II/Proyecto/Proyecto_Grupo_4/wp04-2021-2-gr04-main/SoC_project/build/nexys4ddr/software/libc/meson-private/tmp793pr9n6/testfile.c -o /home/gmojicar/Escritorio/Digital_II/Proyecto/Proyecto_Grupo_4/wp04-2021-2-gr04-main/SoC_project/build/nexys4ddr/software/libc/meson-private/tmp793pr9n6/output.exe -Os -mno-save-restore -march=rv32im -mabi=ilp32 -D__picorv32__ -g3 -fomit-frame-pointer -Wall -fno-builtin -fno-stack-protector -fexceptions -Wpragmas -D_FILE_OFFSET_BITS=64 -O0 -std=c18 -nostdlib -nodefaultlibs -Wl,--no-dynamic-linker -Wl,--build-id=none -MD -MP 

Code:
 
static int foo(int i __attribute__((unused))) { return 0; }
int main(void) { return foo(__builtin_ffs(42)); }

Compiler stdout:
 
Compiler stderr:
 /opt/Litex/riscv64-unknown-elf-gcc-8.3.0-2019.08.0-x86_64-linux-ubuntu14/bin/../lib/gcc/riscv64-unknown-elf/8.3.0/../../../../riscv64-unknown-elf/bin/ld: warning: cannot find entry symbol _start; defaulting to 0000000000010054

Checking if "test for __builtin_ffs" : links: YES 
Running compile:
Working directory:  /home/gmojicar/Escritorio/Digital_II/Proyecto/Proyecto_Grupo_4/wp04-2021-2-gr04-main/SoC_project/build/nexys4ddr/software/libc/meson-private/tmpxk41d37u
Command line:  riscv64-unknown-elf-gcc -L/home/gmojicar/Escritorio/Digital_II/Proyecto/Proyecto_Grupo_4/wp04-2021-2-gr04-main/SoC_project/build/nexys4ddr/software/include -I/opt/Litex/pythondata-software-picolibc/pythondata_software_picolibc/data/newlib/libc/tinystdio -I/opt/Litex/pythondata-software-picolibc/pythondata_software_picolibc/data/newlib/libc/include -I/opt/Litex/litex/litex/soc/software/libbase -I/opt/Litex/litex/litex/soc/software/include -I/opt/Litex/litex/litex/soc/software -I/home/gmojicar/Escritorio/Digital_II/Proyecto/Proyecto_Grupo_4/wp04-2021-2-gr04-main/SoC_project/build/nexys4ddr/software/include -I/home/gmojicar/Escritorio/Digital_II/Proyecto/Proyecto_Grupo_4/wp04-2021-2-gr04-main/SoC_project/build/nexys4ddr/software/include/../libc -I/opt/Litex/litex/litex/soc/cores/cpu/picorv32 /home/gmojicar/Escritorio/Digital_II/Proyecto/Proyecto_Grupo_4/wp04-2021-2-gr04-main/SoC_project/build/nexys4ddr/software/libc/meson-private/tmpxk41d37u/testfile.c -o /home/gmojicar/Escritorio/Digital_II/Proyecto/Proyecto_Grupo_4/wp04-2021-2-gr04-main/SoC_project/build/nexys4ddr/software/libc/meson-private/tmpxk41d37u/output.exe -Os -mno-save-restore -march=rv32im -mabi=ilp32 -D__picorv32__ -g3 -fomit-frame-pointer -Wall -fno-builtin -fno-stack-protector -fexceptions -Wpragmas -D_FILE_OFFSET_BITS=64 -O0 -std=c18 -nostdlib -nodefaultlibs -Wl,--no-dynamic-linker -Wl,--build-id=none -MD -MP 

Code:
 
static int foo(long i __attribute__((unused))) { return 0; }
int main(void) { return foo(__builtin_ffsl((long)42)); }

Compiler stdout:
 
Compiler stderr:
 /opt/Litex/riscv64-unknown-elf-gcc-8.3.0-2019.08.0-x86_64-linux-ubuntu14/bin/../lib/gcc/riscv64-unknown-elf/8.3.0/../../../../riscv64-unknown-elf/bin/ld: warning: cannot find entry symbol _start; defaulting to 0000000000010054

Checking if "test for __builtin_ffsl" : links: YES 
Running compile:
Working directory:  /home/gmojicar/Escritorio/Digital_II/Proyecto/Proyecto_Grupo_4/wp04-2021-2-gr04-main/SoC_project/build/nexys4ddr/software/libc/meson-private/tmplmtx53gs
Command line:  riscv64-unknown-elf-gcc -L/home/gmojicar/Escritorio/Digital_II/Proyecto/Proyecto_Grupo_4/wp04-2021-2-gr04-main/SoC_project/build/nexys4ddr/software/include -I/opt/Litex/pythondata-software-picolibc/pythondata_software_picolibc/data/newlib/libc/tinystdio -I/opt/Litex/pythondata-software-picolibc/pythondata_software_picolibc/data/newlib/libc/include -I/opt/Litex/litex/litex/soc/software/libbase -I/opt/Litex/litex/litex/soc/software/include -I/opt/Litex/litex/litex/soc/software -I/home/gmojicar/Escritorio/Digital_II/Proyecto/Proyecto_Grupo_4/wp04-2021-2-gr04-main/SoC_project/build/nexys4ddr/software/include -I/home/gmojicar/Escritorio/Digital_II/Proyecto/Proyecto_Grupo_4/wp04-2021-2-gr04-main/SoC_project/build/nexys4ddr/software/include/../libc -I/opt/Litex/litex/litex/soc/cores/cpu/picorv32 /home/gmojicar/Escritorio/Digital_II/Proyecto/Proyecto_Grupo_4/wp04-2021-2-gr04-main/SoC_project/build/nexys4ddr/software/libc/meson-private/tmplmtx53gs/testfile.c -o /home/gmojicar/Escritorio/Digital_II/Proyecto/Proyecto_Grupo_4/wp04-2021-2-gr04-main/SoC_project/build/nexys4ddr/software/libc/meson-private/tmplmtx53gs/output.exe -Os -mno-save-restore -march=rv32im -mabi=ilp32 -D__picorv32__ -g3 -fomit-frame-pointer -Wall -fno-builtin -fno-stack-protector -fexceptions -Wpragmas -D_FILE_OFFSET_BITS=64 -O0 -std=c18 -nostdlib -nodefaultlibs -Wl,--no-dynamic-linker -Wl,--build-id=none -MD -MP 

Code:
 
static int foo(long long i __attribute__((unused))) { return 0; }
int main(void) { return foo(__builtin_ffsll((long long)42)); }

Compiler stdout:
 
Compiler stderr:
 /opt/Litex/riscv64-unknown-elf-gcc-8.3.0-2019.08.0-x86_64-linux-ubuntu14/bin/../lib/gcc/riscv64-unknown-elf/8.3.0/../../../../riscv64-unknown-elf/bin/ld: warning: cannot find entry symbol _start; defaulting to 0000000000010054

Checking if "test for __builtin_ffsll" : links: YES 
Running compile:
Working directory:  /home/gmojicar/Escritorio/Digital_II/Proyecto/Proyecto_Grupo_4/wp04-2021-2-gr04-main/SoC_project/build/nexys4ddr/software/libc/meson-private/tmp9e79oy2e
Command line:  riscv64-unknown-elf-gcc -L/home/gmojicar/Escritorio/Digital_II/Proyecto/Proyecto_Grupo_4/wp04-2021-2-gr04-main/SoC_project/build/nexys4ddr/software/include -I/opt/Litex/pythondata-software-picolibc/pythondata_software_picolibc/data/newlib/libc/tinystdio -I/opt/Litex/pythondata-software-picolibc/pythondata_software_picolibc/data/newlib/libc/include -I/opt/Litex/litex/litex/soc/software/libbase -I/opt/Litex/litex/litex/soc/software/include -I/opt/Litex/litex/litex/soc/software -I/home/gmojicar/Escritorio/Digital_II/Proyecto/Proyecto_Grupo_4/wp04-2021-2-gr04-main/SoC_project/build/nexys4ddr/software/include -I/home/gmojicar/Escritorio/Digital_II/Proyecto/Proyecto_Grupo_4/wp04-2021-2-gr04-main/SoC_project/build/nexys4ddr/software/include/../libc -I/opt/Litex/litex/litex/soc/cores/cpu/picorv32 /home/gmojicar/Escritorio/Digital_II/Proyecto/Proyecto_Grupo_4/wp04-2021-2-gr04-main/SoC_project/build/nexys4ddr/software/libc/meson-private/tmp9e79oy2e/testfile.c -o /home/gmojicar/Escritorio/Digital_II/Proyecto/Proyecto_Grupo_4/wp04-2021-2-gr04-main/SoC_project/build/nexys4ddr/software/libc/meson-private/tmp9e79oy2e/output.exe -Os -mno-save-restore -march=rv32im -mabi=ilp32 -D__picorv32__ -g3 -fomit-frame-pointer -Wall -fno-builtin -fno-stack-protector -fexceptions -Wpragmas -D_FILE_OFFSET_BITS=64 -O0 -std=c18 -nostdlib -nodefaultlibs -Wl,--no-dynamic-linker -Wl,--build-id=none -MD -MP 

Code:
 
static int foo(int i __attribute__((unused))) { return 0; }
int main(void) { return foo(__builtin_ctz((unsigned int)42)); }

Compiler stdout:
 
Compiler stderr:
 /opt/Litex/riscv64-unknown-elf-gcc-8.3.0-2019.08.0-x86_64-linux-ubuntu14/bin/../lib/gcc/riscv64-unknown-elf/8.3.0/../../../../riscv64-unknown-elf/bin/ld: warning: cannot find entry symbol _start; defaulting to 0000000000010054

Checking if "test for __builtin_ctz" : links: YES 
Running compile:
Working directory:  /home/gmojicar/Escritorio/Digital_II/Proyecto/Proyecto_Grupo_4/wp04-2021-2-gr04-main/SoC_project/build/nexys4ddr/software/libc/meson-private/tmpklwl9g4e
Command line:  riscv64-unknown-elf-gcc -L/home/gmojicar/Escritorio/Digital_II/Proyecto/Proyecto_Grupo_4/wp04-2021-2-gr04-main/SoC_project/build/nexys4ddr/software/include -I/opt/Litex/pythondata-software-picolibc/pythondata_software_picolibc/data/newlib/libc/tinystdio -I/opt/Litex/pythondata-software-picolibc/pythondata_software_picolibc/data/newlib/libc/include -I/opt/Litex/litex/litex/soc/software/libbase -I/opt/Litex/litex/litex/soc/software/include -I/opt/Litex/litex/litex/soc/software -I/home/gmojicar/Escritorio/Digital_II/Proyecto/Proyecto_Grupo_4/wp04-2021-2-gr04-main/SoC_project/build/nexys4ddr/software/include -I/home/gmojicar/Escritorio/Digital_II/Proyecto/Proyecto_Grupo_4/wp04-2021-2-gr04-main/SoC_project/build/nexys4ddr/software/include/../libc -I/opt/Litex/litex/litex/soc/cores/cpu/picorv32 /home/gmojicar/Escritorio/Digital_II/Proyecto/Proyecto_Grupo_4/wp04-2021-2-gr04-main/SoC_project/build/nexys4ddr/software/libc/meson-private/tmpklwl9g4e/testfile.c -o /home/gmojicar/Escritorio/Digital_II/Proyecto/Proyecto_Grupo_4/wp04-2021-2-gr04-main/SoC_project/build/nexys4ddr/software/libc/meson-private/tmpklwl9g4e/output.exe -Os -mno-save-restore -march=rv32im -mabi=ilp32 -D__picorv32__ -g3 -fomit-frame-pointer -Wall -fno-builtin -fno-stack-protector -fexceptions -Wpragmas -D_FILE_OFFSET_BITS=64 -O0 -std=c18 -nostdlib -nodefaultlibs -Wl,--no-dynamic-linker -Wl,--build-id=none -MD -MP 

Code:
 
static int foo(int i __attribute__((unused))) { return 0; }
int main(void) { return foo(__builtin_ctzl((unsigned long)42)); }

Compiler stdout:
 
Compiler stderr:
 /opt/Litex/riscv64-unknown-elf-gcc-8.3.0-2019.08.0-x86_64-linux-ubuntu14/bin/../lib/gcc/riscv64-unknown-elf/8.3.0/../../../../riscv64-unknown-elf/bin/ld: warning: cannot find entry symbol _start; defaulting to 0000000000010054

Checking if "test for __builtin_ctzl" : links: YES 
Running compile:
Working directory:  /home/gmojicar/Escritorio/Digital_II/Proyecto/Proyecto_Grupo_4/wp04-2021-2-gr04-main/SoC_project/build/nexys4ddr/software/libc/meson-private/tmp69i3m_3m
Command line:  riscv64-unknown-elf-gcc -L/home/gmojicar/Escritorio/Digital_II/Proyecto/Proyecto_Grupo_4/wp04-2021-2-gr04-main/SoC_project/build/nexys4ddr/software/include -I/opt/Litex/pythondata-software-picolibc/pythondata_software_picolibc/data/newlib/libc/tinystdio -I/opt/Litex/pythondata-software-picolibc/pythondata_software_picolibc/data/newlib/libc/include -I/opt/Litex/litex/litex/soc/software/libbase -I/opt/Litex/litex/litex/soc/software/include -I/opt/Litex/litex/litex/soc/software -I/home/gmojicar/Escritorio/Digital_II/Proyecto/Proyecto_Grupo_4/wp04-2021-2-gr04-main/SoC_project/build/nexys4ddr/software/include -I/home/gmojicar/Escritorio/Digital_II/Proyecto/Proyecto_Grupo_4/wp04-2021-2-gr04-main/SoC_project/build/nexys4ddr/software/include/../libc -I/opt/Litex/litex/litex/soc/cores/cpu/picorv32 /home/gmojicar/Escritorio/Digital_II/Proyecto/Proyecto_Grupo_4/wp04-2021-2-gr04-main/SoC_project/build/nexys4ddr/software/libc/meson-private/tmp69i3m_3m/testfile.c -o /home/gmojicar/Escritorio/Digital_II/Proyecto/Proyecto_Grupo_4/wp04-2021-2-gr04-main/SoC_project/build/nexys4ddr/software/libc/meson-private/tmp69i3m_3m/output.exe -Os -mno-save-restore -march=rv32im -mabi=ilp32 -D__picorv32__ -g3 -fomit-frame-pointer -Wall -fno-builtin -fno-stack-protector -fexceptions -Wpragmas -D_FILE_OFFSET_BITS=64 -O0 -std=c18 -nostdlib -nodefaultlibs -Wl,--no-dynamic-linker -Wl,--build-id=none -MD -MP 

Code:
 
static int foo(int i __attribute__((unused))) { return 0; }
int main(void) { return foo(__builtin_ctzll((unsigned long long)42)); }

Compiler stdout:
 
Compiler stderr:
 /opt/Litex/riscv64-unknown-elf-gcc-8.3.0-2019.08.0-x86_64-linux-ubuntu14/bin/../lib/gcc/riscv64-unknown-elf/8.3.0/../../../../riscv64-unknown-elf/bin/ld: warning: cannot find entry symbol _start; defaulting to 0000000000010054

Checking if "test for __builtin_ctzll" : links: YES 
Running compile:
Working directory:  /home/gmojicar/Escritorio/Digital_II/Proyecto/Proyecto_Grupo_4/wp04-2021-2-gr04-main/SoC_project/build/nexys4ddr/software/libc/meson-private/tmpw4ji9rke
Command line:  riscv64-unknown-elf-gcc -L/home/gmojicar/Escritorio/Digital_II/Proyecto/Proyecto_Grupo_4/wp04-2021-2-gr04-main/SoC_project/build/nexys4ddr/software/include -I/opt/Litex/pythondata-software-picolibc/pythondata_software_picolibc/data/newlib/libc/tinystdio -I/opt/Litex/pythondata-software-picolibc/pythondata_software_picolibc/data/newlib/libc/include -I/opt/Litex/litex/litex/soc/software/libbase -I/opt/Litex/litex/litex/soc/software/include -I/opt/Litex/litex/litex/soc/software -I/home/gmojicar/Escritorio/Digital_II/Proyecto/Proyecto_Grupo_4/wp04-2021-2-gr04-main/SoC_project/build/nexys4ddr/software/include -I/home/gmojicar/Escritorio/Digital_II/Proyecto/Proyecto_Grupo_4/wp04-2021-2-gr04-main/SoC_project/build/nexys4ddr/software/include/../libc -I/opt/Litex/litex/litex/soc/cores/cpu/picorv32 /home/gmojicar/Escritorio/Digital_II/Proyecto/Proyecto_Grupo_4/wp04-2021-2-gr04-main/SoC_project/build/nexys4ddr/software/libc/meson-private/tmpw4ji9rke/testfile.c -o /home/gmojicar/Escritorio/Digital_II/Proyecto/Proyecto_Grupo_4/wp04-2021-2-gr04-main/SoC_project/build/nexys4ddr/software/libc/meson-private/tmpw4ji9rke/output.exe -Os -mno-save-restore -march=rv32im -mabi=ilp32 -D__picorv32__ -g3 -fomit-frame-pointer -Wall -fno-builtin -fno-stack-protector -fexceptions -Wpragmas -D_FILE_OFFSET_BITS=64 -O0 -std=c18 -nostdlib -nodefaultlibs -Wl,--no-dynamic-linker -Wl,--build-id=none -MD -MP 

Code:
 
static int foo(long double i __attribute__((unused))) { return 0; }
int main(void) { return foo(__builtin_copysignl((long double)42, (long double) 42)); }

Compiler stdout:
 
Compiler stderr:
 /opt/Litex/riscv64-unknown-elf-gcc-8.3.0-2019.08.0-x86_64-linux-ubuntu14/bin/../lib/gcc/riscv64-unknown-elf/8.3.0/../../../../riscv64-unknown-elf/bin/ld: warning: cannot find entry symbol _start; defaulting to 0000000000010054

Checking if "test for __builtin_copysignl" : links: YES 
Running compile:
Working directory:  /home/gmojicar/Escritorio/Digital_II/Proyecto/Proyecto_Grupo_4/wp04-2021-2-gr04-main/SoC_project/build/nexys4ddr/software/libc/meson-private/tmpttdk1fuj
Command line:  riscv64-unknown-elf-gcc -L/home/gmojicar/Escritorio/Digital_II/Proyecto/Proyecto_Grupo_4/wp04-2021-2-gr04-main/SoC_project/build/nexys4ddr/software/include -I/opt/Litex/pythondata-software-picolibc/pythondata_software_picolibc/data/newlib/libc/tinystdio -I/opt/Litex/pythondata-software-picolibc/pythondata_software_picolibc/data/newlib/libc/include -I/opt/Litex/litex/litex/soc/software/libbase -I/opt/Litex/litex/litex/soc/software/include -I/opt/Litex/litex/litex/soc/software -I/home/gmojicar/Escritorio/Digital_II/Proyecto/Proyecto_Grupo_4/wp04-2021-2-gr04-main/SoC_project/build/nexys4ddr/software/include -I/home/gmojicar/Escritorio/Digital_II/Proyecto/Proyecto_Grupo_4/wp04-2021-2-gr04-main/SoC_project/build/nexys4ddr/software/include/../libc -I/opt/Litex/litex/litex/soc/cores/cpu/picorv32 /home/gmojicar/Escritorio/Digital_II/Proyecto/Proyecto_Grupo_4/wp04-2021-2-gr04-main/SoC_project/build/nexys4ddr/software/libc/meson-private/tmpttdk1fuj/testfile.c -o /home/gmojicar/Escritorio/Digital_II/Proyecto/Proyecto_Grupo_4/wp04-2021-2-gr04-main/SoC_project/build/nexys4ddr/software/libc/meson-private/tmpttdk1fuj/output.exe -Os -mno-save-restore -march=rv32im -mabi=ilp32 -D__picorv32__ -g3 -fomit-frame-pointer -Wall -fno-builtin -fno-stack-protector -fexceptions -Wpragmas -D_FILE_OFFSET_BITS=64 -O0 -std=c18 -nostdlib -nodefaultlibs -Wl,--no-dynamic-linker -Wl,--build-id=none -MD -MP 

Code:
 
static int foo(double i __attribute__((unused))) { return 0; }
int main(void) { return foo(__builtin_copysign(42, 42)); }

Compiler stdout:
 
Compiler stderr:
 /opt/Litex/riscv64-unknown-elf-gcc-8.3.0-2019.08.0-x86_64-linux-ubuntu14/bin/../lib/gcc/riscv64-unknown-elf/8.3.0/../../../../riscv64-unknown-elf/bin/ld: warning: cannot find entry symbol _start; defaulting to 0000000000010054

Checking if "test for __builtin_copysign" : links: YES 
Running compile:
Working directory:  /home/gmojicar/Escritorio/Digital_II/Proyecto/Proyecto_Grupo_4/wp04-2021-2-gr04-main/SoC_project/build/nexys4ddr/software/libc/meson-private/tmp45zrs1wv
Command line:  riscv64-unknown-elf-gcc -L/home/gmojicar/Escritorio/Digital_II/Proyecto/Proyecto_Grupo_4/wp04-2021-2-gr04-main/SoC_project/build/nexys4ddr/software/include -I/opt/Litex/pythondata-software-picolibc/pythondata_software_picolibc/data/newlib/libc/tinystdio -I/opt/Litex/pythondata-software-picolibc/pythondata_software_picolibc/data/newlib/libc/include -I/opt/Litex/litex/litex/soc/software/libbase -I/opt/Litex/litex/litex/soc/software/include -I/opt/Litex/litex/litex/soc/software -I/home/gmojicar/Escritorio/Digital_II/Proyecto/Proyecto_Grupo_4/wp04-2021-2-gr04-main/SoC_project/build/nexys4ddr/software/include -I/home/gmojicar/Escritorio/Digital_II/Proyecto/Proyecto_Grupo_4/wp04-2021-2-gr04-main/SoC_project/build/nexys4ddr/software/include/../libc -I/opt/Litex/litex/litex/soc/cores/cpu/picorv32 /home/gmojicar/Escritorio/Digital_II/Proyecto/Proyecto_Grupo_4/wp04-2021-2-gr04-main/SoC_project/build/nexys4ddr/software/libc/meson-private/tmp45zrs1wv/testfile.c -o /home/gmojicar/Escritorio/Digital_II/Proyecto/Proyecto_Grupo_4/wp04-2021-2-gr04-main/SoC_project/build/nexys4ddr/software/libc/meson-private/tmp45zrs1wv/output.exe -Os -mno-save-restore -march=rv32im -mabi=ilp32 -D__picorv32__ -g3 -fomit-frame-pointer -Wall -fno-builtin -fno-stack-protector -fexceptions -Wpragmas -D_FILE_OFFSET_BITS=64 -O0 -std=c18 -nostdlib -nodefaultlibs -Wl,--no-dynamic-linker -Wl,--build-id=none -MD -MP 

Code:
 
static int foo(int i __attribute__((unused))) { return 0; }
int main(void) { return foo(__builtin_isinfl((long double)42)); }

Compiler stdout:
 
Compiler stderr:
 /opt/Litex/riscv64-unknown-elf-gcc-8.3.0-2019.08.0-x86_64-linux-ubuntu14/bin/../lib/gcc/riscv64-unknown-elf/8.3.0/../../../../riscv64-unknown-elf/bin/ld: warning: cannot find entry symbol _start; defaulting to 0000000000010054

Checking if "test for __builtin_isinfl" : links: YES 
Running compile:
Working directory:  /home/gmojicar/Escritorio/Digital_II/Proyecto/Proyecto_Grupo_4/wp04-2021-2-gr04-main/SoC_project/build/nexys4ddr/software/libc/meson-private/tmp8v6cymgg
Command line:  riscv64-unknown-elf-gcc -L/home/gmojicar/Escritorio/Digital_II/Proyecto/Proyecto_Grupo_4/wp04-2021-2-gr04-main/SoC_project/build/nexys4ddr/software/include -I/opt/Litex/pythondata-software-picolibc/pythondata_software_picolibc/data/newlib/libc/tinystdio -I/opt/Litex/pythondata-software-picolibc/pythondata_software_picolibc/data/newlib/libc/include -I/opt/Litex/litex/litex/soc/software/libbase -I/opt/Litex/litex/litex/soc/software/include -I/opt/Litex/litex/litex/soc/software -I/home/gmojicar/Escritorio/Digital_II/Proyecto/Proyecto_Grupo_4/wp04-2021-2-gr04-main/SoC_project/build/nexys4ddr/software/include -I/home/gmojicar/Escritorio/Digital_II/Proyecto/Proyecto_Grupo_4/wp04-2021-2-gr04-main/SoC_project/build/nexys4ddr/software/include/../libc -I/opt/Litex/litex/litex/soc/cores/cpu/picorv32 /home/gmojicar/Escritorio/Digital_II/Proyecto/Proyecto_Grupo_4/wp04-2021-2-gr04-main/SoC_project/build/nexys4ddr/software/libc/meson-private/tmp8v6cymgg/testfile.c -o /home/gmojicar/Escritorio/Digital_II/Proyecto/Proyecto_Grupo_4/wp04-2021-2-gr04-main/SoC_project/build/nexys4ddr/software/libc/meson-private/tmp8v6cymgg/output.exe -Os -mno-save-restore -march=rv32im -mabi=ilp32 -D__picorv32__ -g3 -fomit-frame-pointer -Wall -fno-builtin -fno-stack-protector -fexceptions -Wpragmas -D_FILE_OFFSET_BITS=64 -O0 -std=c18 -nostdlib -nodefaultlibs -Wl,--no-dynamic-linker -Wl,--build-id=none -MD -MP 

Code:
 
static int foo(int i __attribute__((unused))) { return 0; }
int main(void) { return foo(__builtin_isinf((long double)42)); }

Compiler stdout:
 
Compiler stderr:
 /opt/Litex/riscv64-unknown-elf-gcc-8.3.0-2019.08.0-x86_64-linux-ubuntu14/bin/../lib/gcc/riscv64-unknown-elf/8.3.0/../../../../riscv64-unknown-elf/bin/ld: warning: cannot find entry symbol _start; defaulting to 0000000000010054

Checking if "test for __builtin_isinf" : links: YES 
Running compile:
Working directory:  /home/gmojicar/Escritorio/Digital_II/Proyecto/Proyecto_Grupo_4/wp04-2021-2-gr04-main/SoC_project/build/nexys4ddr/software/libc/meson-private/tmp40a2_f04
Command line:  riscv64-unknown-elf-gcc -L/home/gmojicar/Escritorio/Digital_II/Proyecto/Proyecto_Grupo_4/wp04-2021-2-gr04-main/SoC_project/build/nexys4ddr/software/include -I/opt/Litex/pythondata-software-picolibc/pythondata_software_picolibc/data/newlib/libc/tinystdio -I/opt/Litex/pythondata-software-picolibc/pythondata_software_picolibc/data/newlib/libc/include -I/opt/Litex/litex/litex/soc/software/libbase -I/opt/Litex/litex/litex/soc/software/include -I/opt/Litex/litex/litex/soc/software -I/home/gmojicar/Escritorio/Digital_II/Proyecto/Proyecto_Grupo_4/wp04-2021-2-gr04-main/SoC_project/build/nexys4ddr/software/include -I/home/gmojicar/Escritorio/Digital_II/Proyecto/Proyecto_Grupo_4/wp04-2021-2-gr04-main/SoC_project/build/nexys4ddr/software/include/../libc -I/opt/Litex/litex/litex/soc/cores/cpu/picorv32 /home/gmojicar/Escritorio/Digital_II/Proyecto/Proyecto_Grupo_4/wp04-2021-2-gr04-main/SoC_project/build/nexys4ddr/software/libc/meson-private/tmp40a2_f04/testfile.c -o /home/gmojicar/Escritorio/Digital_II/Proyecto/Proyecto_Grupo_4/wp04-2021-2-gr04-main/SoC_project/build/nexys4ddr/software/libc/meson-private/tmp40a2_f04/output.exe -Os -mno-save-restore -march=rv32im -mabi=ilp32 -D__picorv32__ -g3 -fomit-frame-pointer -Wall -fno-builtin -fno-stack-protector -fexceptions -Wpragmas -D_FILE_OFFSET_BITS=64 -O0 -std=c18 -nostdlib -nodefaultlibs -Wl,--no-dynamic-linker -Wl,--build-id=none -MD -MP 

Code:
 
static int foo(int i __attribute__((unused))) { return 0; }
int main(void) { return foo(__builtin_isnanl((long double)42)); }

Compiler stdout:
 
Compiler stderr:
 /opt/Litex/riscv64-unknown-elf-gcc-8.3.0-2019.08.0-x86_64-linux-ubuntu14/bin/../lib/gcc/riscv64-unknown-elf/8.3.0/../../../../riscv64-unknown-elf/bin/ld: warning: cannot find entry symbol _start; defaulting to 0000000000010054

Checking if "test for __builtin_isnanl" : links: YES 
Running compile:
Working directory:  /home/gmojicar/Escritorio/Digital_II/Proyecto/Proyecto_Grupo_4/wp04-2021-2-gr04-main/SoC_project/build/nexys4ddr/software/libc/meson-private/tmpk5ixuycm
Command line:  riscv64-unknown-elf-gcc -L/home/gmojicar/Escritorio/Digital_II/Proyecto/Proyecto_Grupo_4/wp04-2021-2-gr04-main/SoC_project/build/nexys4ddr/software/include -I/opt/Litex/pythondata-software-picolibc/pythondata_software_picolibc/data/newlib/libc/tinystdio -I/opt/Litex/pythondata-software-picolibc/pythondata_software_picolibc/data/newlib/libc/include -I/opt/Litex/litex/litex/soc/software/libbase -I/opt/Litex/litex/litex/soc/software/include -I/opt/Litex/litex/litex/soc/software -I/home/gmojicar/Escritorio/Digital_II/Proyecto/Proyecto_Grupo_4/wp04-2021-2-gr04-main/SoC_project/build/nexys4ddr/software/include -I/home/gmojicar/Escritorio/Digital_II/Proyecto/Proyecto_Grupo_4/wp04-2021-2-gr04-main/SoC_project/build/nexys4ddr/software/include/../libc -I/opt/Litex/litex/litex/soc/cores/cpu/picorv32 /home/gmojicar/Escritorio/Digital_II/Proyecto/Proyecto_Grupo_4/wp04-2021-2-gr04-main/SoC_project/build/nexys4ddr/software/libc/meson-private/tmpk5ixuycm/testfile.c -o /home/gmojicar/Escritorio/Digital_II/Proyecto/Proyecto_Grupo_4/wp04-2021-2-gr04-main/SoC_project/build/nexys4ddr/software/libc/meson-private/tmpk5ixuycm/output.exe -Os -mno-save-restore -march=rv32im -mabi=ilp32 -D__picorv32__ -g3 -fomit-frame-pointer -Wall -fno-builtin -fno-stack-protector -fexceptions -Wpragmas -D_FILE_OFFSET_BITS=64 -O0 -std=c18 -nostdlib -nodefaultlibs -Wl,--no-dynamic-linker -Wl,--build-id=none -MD -MP 

Code:
 
static int foo(int i __attribute__((unused))) { return 0; }
int main(void) { return foo(__builtin_isnan((long double)42)); }

Compiler stdout:
 
Compiler stderr:
 /opt/Litex/riscv64-unknown-elf-gcc-8.3.0-2019.08.0-x86_64-linux-ubuntu14/bin/../lib/gcc/riscv64-unknown-elf/8.3.0/../../../../riscv64-unknown-elf/bin/ld: warning: cannot find entry symbol _start; defaulting to 0000000000010054

Checking if "test for __builtin_isnan" : links: YES 
Running compile:
Working directory:  /home/gmojicar/Escritorio/Digital_II/Proyecto/Proyecto_Grupo_4/wp04-2021-2-gr04-main/SoC_project/build/nexys4ddr/software/libc/meson-private/tmpta6kjc64
Command line:  riscv64-unknown-elf-gcc -L/home/gmojicar/Escritorio/Digital_II/Proyecto/Proyecto_Grupo_4/wp04-2021-2-gr04-main/SoC_project/build/nexys4ddr/software/include -I/opt/Litex/pythondata-software-picolibc/pythondata_software_picolibc/data/newlib/libc/tinystdio -I/opt/Litex/pythondata-software-picolibc/pythondata_software_picolibc/data/newlib/libc/include -I/opt/Litex/litex/litex/soc/software/libbase -I/opt/Litex/litex/litex/soc/software/include -I/opt/Litex/litex/litex/soc/software -I/home/gmojicar/Escritorio/Digital_II/Proyecto/Proyecto_Grupo_4/wp04-2021-2-gr04-main/SoC_project/build/nexys4ddr/software/include -I/home/gmojicar/Escritorio/Digital_II/Proyecto/Proyecto_Grupo_4/wp04-2021-2-gr04-main/SoC_project/build/nexys4ddr/software/include/../libc -I/opt/Litex/litex/litex/soc/cores/cpu/picorv32 /home/gmojicar/Escritorio/Digital_II/Proyecto/Proyecto_Grupo_4/wp04-2021-2-gr04-main/SoC_project/build/nexys4ddr/software/libc/meson-private/tmpta6kjc64/testfile.c -o /home/gmojicar/Escritorio/Digital_II/Proyecto/Proyecto_Grupo_4/wp04-2021-2-gr04-main/SoC_project/build/nexys4ddr/software/libc/meson-private/tmpta6kjc64/output.exe -Os -mno-save-restore -march=rv32im -mabi=ilp32 -D__picorv32__ -g3 -fomit-frame-pointer -Wall -fno-builtin -fno-stack-protector -fexceptions -Wpragmas -D_FILE_OFFSET_BITS=64 -O0 -std=c18 -nostdlib -nodefaultlibs -Wl,--no-dynamic-linker -Wl,--build-id=none -MD -MP 

Code:
 
static int foo(int i __attribute__((unused))) { return 0; }
int main(void) { return foo(__builtin_finitel((long double)42)); }

Compiler stdout:
 
Compiler stderr:
 /opt/Litex/riscv64-unknown-elf-gcc-8.3.0-2019.08.0-x86_64-linux-ubuntu14/bin/../lib/gcc/riscv64-unknown-elf/8.3.0/../../../../riscv64-unknown-elf/bin/ld: warning: cannot find entry symbol _start; defaulting to 0000000000010054

Checking if "test for __builtin_finitel" : links: YES 
Running compile:
Working directory:  /home/gmojicar/Escritorio/Digital_II/Proyecto/Proyecto_Grupo_4/wp04-2021-2-gr04-main/SoC_project/build/nexys4ddr/software/libc/meson-private/tmp658p6y1c
Command line:  riscv64-unknown-elf-gcc -L/home/gmojicar/Escritorio/Digital_II/Proyecto/Proyecto_Grupo_4/wp04-2021-2-gr04-main/SoC_project/build/nexys4ddr/software/include -I/opt/Litex/pythondata-software-picolibc/pythondata_software_picolibc/data/newlib/libc/tinystdio -I/opt/Litex/pythondata-software-picolibc/pythondata_software_picolibc/data/newlib/libc/include -I/opt/Litex/litex/litex/soc/software/libbase -I/opt/Litex/litex/litex/soc/software/include -I/opt/Litex/litex/litex/soc/software -I/home/gmojicar/Escritorio/Digital_II/Proyecto/Proyecto_Grupo_4/wp04-2021-2-gr04-main/SoC_project/build/nexys4ddr/software/include -I/home/gmojicar/Escritorio/Digital_II/Proyecto/Proyecto_Grupo_4/wp04-2021-2-gr04-main/SoC_project/build/nexys4ddr/software/include/../libc -I/opt/Litex/litex/litex/soc/cores/cpu/picorv32 /home/gmojicar/Escritorio/Digital_II/Proyecto/Proyecto_Grupo_4/wp04-2021-2-gr04-main/SoC_project/build/nexys4ddr/software/libc/meson-private/tmp658p6y1c/testfile.c -o /home/gmojicar/Escritorio/Digital_II/Proyecto/Proyecto_Grupo_4/wp04-2021-2-gr04-main/SoC_project/build/nexys4ddr/software/libc/meson-private/tmp658p6y1c/output.exe -Os -mno-save-restore -march=rv32im -mabi=ilp32 -D__picorv32__ -g3 -fomit-frame-pointer -Wall -fno-builtin -fno-stack-protector -fexceptions -Wpragmas -D_FILE_OFFSET_BITS=64 -O0 -std=c18 -nostdlib -nodefaultlibs -Wl,--no-dynamic-linker -Wl,--build-id=none -MD -MP 

Code:
 
static int foo(int i __attribute__((unused))) { return 0; }
int main(void) { return foo(__builtin_isfinite((long double)42)); }

Compiler stdout:
 
Compiler stderr:
 /opt/Litex/riscv64-unknown-elf-gcc-8.3.0-2019.08.0-x86_64-linux-ubuntu14/bin/../lib/gcc/riscv64-unknown-elf/8.3.0/../../../../riscv64-unknown-elf/bin/ld: warning: cannot find entry symbol _start; defaulting to 0000000000010054

Checking if "test for __builtin_isfinite" : links: YES 
Running compile:
Working directory:  /home/gmojicar/Escritorio/Digital_II/Proyecto/Proyecto_Grupo_4/wp04-2021-2-gr04-main/SoC_project/build/nexys4ddr/software/libc/meson-private/tmpl49xrk3_
Command line:  riscv64-unknown-elf-gcc -I/opt/Litex/pythondata-software-picolibc/pythondata_software_picolibc/data/newlib/libc/tinystdio -I/opt/Litex/pythondata-software-picolibc/pythondata_software_picolibc/data/newlib/libc/include -I/opt/Litex/litex/litex/soc/software/libbase -I/opt/Litex/litex/litex/soc/software/include -I/opt/Litex/litex/litex/soc/software -I/home/gmojicar/Escritorio/Digital_II/Proyecto/Proyecto_Grupo_4/wp04-2021-2-gr04-main/SoC_project/build/nexys4ddr/software/include -I/home/gmojicar/Escritorio/Digital_II/Proyecto/Proyecto_Grupo_4/wp04-2021-2-gr04-main/SoC_project/build/nexys4ddr/software/include/../libc -I/opt/Litex/litex/litex/soc/cores/cpu/picorv32 /home/gmojicar/Escritorio/Digital_II/Proyecto/Proyecto_Grupo_4/wp04-2021-2-gr04-main/SoC_project/build/nexys4ddr/software/libc/meson-private/tmpl49xrk3_/testfile.c -o /home/gmojicar/Escritorio/Digital_II/Proyecto/Proyecto_Grupo_4/wp04-2021-2-gr04-main/SoC_project/build/nexys4ddr/software/libc/meson-private/tmpl49xrk3_/output.obj -c -Os -mno-save-restore -march=rv32im -mabi=ilp32 -D__picorv32__ -g3 -fomit-frame-pointer -Wall -fno-builtin -fno-stack-protector -fexceptions -Wpragmas -D_FILE_OFFSET_BITS=64 -O0 -fno-tree-loop-distribute-patterns 

Code:
 extern int i;
int i;

Compiler stdout:
 
Compiler stderr:
 
Compiler for C supports arguments -fno-tree-loop-distribute-patterns: YES 
Running compile:
Working directory:  /home/gmojicar/Escritorio/Digital_II/Proyecto/Proyecto_Grupo_4/wp04-2021-2-gr04-main/SoC_project/build/nexys4ddr/software/libc/meson-private/tmp91jks7e0
Command line:  riscv64-unknown-elf-gcc -I/opt/Litex/pythondata-software-picolibc/pythondata_software_picolibc/data/newlib/libc/tinystdio -I/opt/Litex/pythondata-software-picolibc/pythondata_software_picolibc/data/newlib/libc/include -I/opt/Litex/litex/litex/soc/software/libbase -I/opt/Litex/litex/litex/soc/software/include -I/opt/Litex/litex/litex/soc/software -I/home/gmojicar/Escritorio/Digital_II/Proyecto/Proyecto_Grupo_4/wp04-2021-2-gr04-main/SoC_project/build/nexys4ddr/software/include -I/home/gmojicar/Escritorio/Digital_II/Proyecto/Proyecto_Grupo_4/wp04-2021-2-gr04-main/SoC_project/build/nexys4ddr/software/include/../libc -I/opt/Litex/litex/litex/soc/cores/cpu/picorv32 /home/gmojicar/Escritorio/Digital_II/Proyecto/Proyecto_Grupo_4/wp04-2021-2-gr04-main/SoC_project/build/nexys4ddr/software/libc/meson-private/tmp91jks7e0/testfile.c -o /home/gmojicar/Escritorio/Digital_II/Proyecto/Proyecto_Grupo_4/wp04-2021-2-gr04-main/SoC_project/build/nexys4ddr/software/libc/meson-private/tmp91jks7e0/output.obj -c -Os -mno-save-restore -march=rv32im -mabi=ilp32 -D__picorv32__ -g3 -fomit-frame-pointer -Wall -fno-builtin -fno-stack-protector -fexceptions -Wpragmas -D_FILE_OFFSET_BITS=64 -O0 -Werror=attributes 

Code:
 extern int i;
int i;

Compiler stdout:
 
Compiler stderr:
 
Compiler for C supports arguments -Werror=attributes: YES 
Running compile:
Working directory:  /home/gmojicar/Escritorio/Digital_II/Proyecto/Proyecto_Grupo_4/wp04-2021-2-gr04-main/SoC_project/build/nexys4ddr/software/libc/meson-private/tmp3nyojwg2
Command line:  riscv64-unknown-elf-gcc -I/opt/Litex/pythondata-software-picolibc/pythondata_software_picolibc/data/newlib/libc/tinystdio -I/opt/Litex/pythondata-software-picolibc/pythondata_software_picolibc/data/newlib/libc/include -I/opt/Litex/litex/litex/soc/software/libbase -I/opt/Litex/litex/litex/soc/software/include -I/opt/Litex/litex/litex/soc/software -I/home/gmojicar/Escritorio/Digital_II/Proyecto/Proyecto_Grupo_4/wp04-2021-2-gr04-main/SoC_project/build/nexys4ddr/software/include -I/home/gmojicar/Escritorio/Digital_II/Proyecto/Proyecto_Grupo_4/wp04-2021-2-gr04-main/SoC_project/build/nexys4ddr/software/include/../libc -I/opt/Litex/litex/litex/soc/cores/cpu/picorv32 /home/gmojicar/Escritorio/Digital_II/Proyecto/Proyecto_Grupo_4/wp04-2021-2-gr04-main/SoC_project/build/nexys4ddr/software/libc/meson-private/tmp3nyojwg2/testfile.c -o /home/gmojicar/Escritorio/Digital_II/Proyecto/Proyecto_Grupo_4/wp04-2021-2-gr04-main/SoC_project/build/nexys4ddr/software/libc/meson-private/tmp3nyojwg2/output.obj -c -Os -mno-save-restore -march=rv32im -mabi=ilp32 -D__picorv32__ -g3 -fomit-frame-pointer -Wall -fno-builtin -fno-stack-protector -fexceptions -Wpragmas -D_FILE_OFFSET_BITS=64 -O0 -std=c18 -Werror=attributes 

Code:
 int __attribute__((no_builtin)) foo(int x) { return x + 1; }
Compiler stdout:
 
Compiler stderr:
 /home/gmojicar/Escritorio/Digital_II/Proyecto/Proyecto_Grupo_4/wp04-2021-2-gr04-main/SoC_project/build/nexys4ddr/software/libc/meson-private/tmp3nyojwg2/testfile.c:1:1: error: 'no_builtin' attribute directive ignored [-Werror=attributes]
 int __attribute__((no_builtin)) foo(int x) { return x + 1; }
 ^~~
cc1: some warnings being treated as errors

Checking if "no_builtin attribute" : compiles: NO 
Running compile:
Working directory:  /home/gmojicar/Escritorio/Digital_II/Proyecto/Proyecto_Grupo_4/wp04-2021-2-gr04-main/SoC_project/build/nexys4ddr/software/libc/meson-private/tmpl1fpetv2
Command line:  riscv64-unknown-elf-gcc -I/opt/Litex/pythondata-software-picolibc/pythondata_software_picolibc/data/newlib/libc/tinystdio -I/opt/Litex/pythondata-software-picolibc/pythondata_software_picolibc/data/newlib/libc/include -I/opt/Litex/litex/litex/soc/software/libbase -I/opt/Litex/litex/litex/soc/software/include -I/opt/Litex/litex/litex/soc/software -I/home/gmojicar/Escritorio/Digital_II/Proyecto/Proyecto_Grupo_4/wp04-2021-2-gr04-main/SoC_project/build/nexys4ddr/software/include -I/home/gmojicar/Escritorio/Digital_II/Proyecto/Proyecto_Grupo_4/wp04-2021-2-gr04-main/SoC_project/build/nexys4ddr/software/include/../libc -I/opt/Litex/litex/litex/soc/cores/cpu/picorv32 /home/gmojicar/Escritorio/Digital_II/Proyecto/Proyecto_Grupo_4/wp04-2021-2-gr04-main/SoC_project/build/nexys4ddr/software/libc/meson-private/tmpl1fpetv2/testfile.c -o /home/gmojicar/Escritorio/Digital_II/Proyecto/Proyecto_Grupo_4/wp04-2021-2-gr04-main/SoC_project/build/nexys4ddr/software/libc/meson-private/tmpl1fpetv2/output.obj -c -Os -mno-save-restore -march=rv32im -mabi=ilp32 -D__picorv32__ -g3 -fomit-frame-pointer -Wall -fno-builtin -fno-stack-protector -fexceptions -Wpragmas -D_FILE_OFFSET_BITS=64 -O0 -Werror=attributes 

Code:
 inline __attribute__((always_inline)) int foo(void) { return 0; }
Compiler stdout:
 
Compiler stderr:
 
Compiler for C supports function attribute always_inline: YES 
Running compile:
Working directory:  /home/gmojicar/Escritorio/Digital_II/Proyecto/Proyecto_Grupo_4/wp04-2021-2-gr04-main/SoC_project/build/nexys4ddr/software/libc/meson-private/tmppz75mshu
Command line:  riscv64-unknown-elf-gcc -I/opt/Litex/pythondata-software-picolibc/pythondata_software_picolibc/data/newlib/libc/tinystdio -I/opt/Litex/pythondata-software-picolibc/pythondata_software_picolibc/data/newlib/libc/include -I/opt/Litex/litex/litex/soc/software/libbase -I/opt/Litex/litex/litex/soc/software/include -I/opt/Litex/litex/litex/soc/software -I/home/gmojicar/Escritorio/Digital_II/Proyecto/Proyecto_Grupo_4/wp04-2021-2-gr04-main/SoC_project/build/nexys4ddr/software/include -I/home/gmojicar/Escritorio/Digital_II/Proyecto/Proyecto_Grupo_4/wp04-2021-2-gr04-main/SoC_project/build/nexys4ddr/software/include/../libc -I/opt/Litex/litex/litex/soc/cores/cpu/picorv32 /home/gmojicar/Escritorio/Digital_II/Proyecto/Proyecto_Grupo_4/wp04-2021-2-gr04-main/SoC_project/build/nexys4ddr/software/libc/meson-private/tmppz75mshu/testfile.c -o /home/gmojicar/Escritorio/Digital_II/Proyecto/Proyecto_Grupo_4/wp04-2021-2-gr04-main/SoC_project/build/nexys4ddr/software/libc/meson-private/tmppz75mshu/output.obj -c -Os -mno-save-restore -march=rv32im -mabi=ilp32 -D__picorv32__ -g3 -fomit-frame-pointer -Wall -fno-builtin -fno-stack-protector -fexceptions -Wpragmas -D_FILE_OFFSET_BITS=64 -O0 -Werror=attributes 

Code:
 inline __attribute__((gnu_inline)) int foo(void) { return 0; }
Compiler stdout:
 
Compiler stderr:
 
Compiler for C supports function attribute gnu_inline: YES 
Running compile:
Working directory:  /home/gmojicar/Escritorio/Digital_II/Proyecto/Proyecto_Grupo_4/wp04-2021-2-gr04-main/SoC_project/build/nexys4ddr/software/libc/meson-private/tmpko3sz41a
Command line:  riscv64-unknown-elf-gcc -I/opt/Litex/pythondata-software-picolibc/pythondata_software_picolibc/data/newlib/libc/tinystdio -I/opt/Litex/pythondata-software-picolibc/pythondata_software_picolibc/data/newlib/libc/include -I/opt/Litex/litex/litex/soc/software/libbase -I/opt/Litex/litex/litex/soc/software/include -I/opt/Litex/litex/litex/soc/software -I/home/gmojicar/Escritorio/Digital_II/Proyecto/Proyecto_Grupo_4/wp04-2021-2-gr04-main/SoC_project/build/nexys4ddr/software/include -I/home/gmojicar/Escritorio/Digital_II/Proyecto/Proyecto_Grupo_4/wp04-2021-2-gr04-main/SoC_project/build/nexys4ddr/software/include/../libc -I/opt/Litex/litex/litex/soc/cores/cpu/picorv32 /home/gmojicar/Escritorio/Digital_II/Proyecto/Proyecto_Grupo_4/wp04-2021-2-gr04-main/SoC_project/build/nexys4ddr/software/libc/meson-private/tmpko3sz41a/testfile.c -o /home/gmojicar/Escritorio/Digital_II/Proyecto/Proyecto_Grupo_4/wp04-2021-2-gr04-main/SoC_project/build/nexys4ddr/software/libc/meson-private/tmpko3sz41a/output.obj -c -Os -mno-save-restore -march=rv32im -mabi=ilp32 -D__picorv32__ -g3 -fomit-frame-pointer -Wall -fno-builtin -fno-stack-protector -fexceptions -Wpragmas -D_FILE_OFFSET_BITS=64 -O0 -fno-builtin 

Code:
 extern int i;
int i;

Compiler stdout:
 
Compiler stderr:
 
Compiler for C supports arguments -fno-builtin: YES 
Running command: /bin/sed -e /^#/d -e /^$/d -e s/ .*$// /opt/Litex/pythondata-software-picolibc/pythondata_software_picolibc/data/newlib/libc/iconv/encoding.aliases
--- stdout ---
big5
cp775
cp850
cp852
cp855
cp866
euc_jp
euc_kr
euc_tw
iso_8859_1
iso_8859_10
iso_8859_11
iso_8859_13
iso_8859_14
iso_8859_15
iso_8859_2
iso_8859_3
iso_8859_4
iso_8859_5
iso_8859_6
iso_8859_7
iso_8859_8
iso_8859_9
iso_ir_111
koi8_r
koi8_ru
koi8_u
koi8_uni
ucs_2
ucs_2_internal
ucs_2be
ucs_2le
ucs_4
ucs_4_internal
ucs_4be
ucs_4le
us_ascii
utf_16
utf_16be
utf_16le
utf_8
win_1250
win_1251
win_1252
win_1253
win_1254
win_1255
win_1256
win_1257
win_1258

--- stderr ---


Running compile:
Working directory:  /home/gmojicar/Escritorio/Digital_II/Proyecto/Proyecto_Grupo_4/wp04-2021-2-gr04-main/SoC_project/build/nexys4ddr/software/libc/meson-private/tmpustj7g22
Command line:  riscv64-unknown-elf-gcc -I/opt/Litex/pythondata-software-picolibc/pythondata_software_picolibc/data/newlib/libc/tinystdio -I/opt/Litex/pythondata-software-picolibc/pythondata_software_picolibc/data/newlib/libc/include -I/opt/Litex/litex/litex/soc/software/libbase -I/opt/Litex/litex/litex/soc/software/include -I/opt/Litex/litex/litex/soc/software -I/home/gmojicar/Escritorio/Digital_II/Proyecto/Proyecto_Grupo_4/wp04-2021-2-gr04-main/SoC_project/build/nexys4ddr/software/include -I/home/gmojicar/Escritorio/Digital_II/Proyecto/Proyecto_Grupo_4/wp04-2021-2-gr04-main/SoC_project/build/nexys4ddr/software/include/../libc -I/opt/Litex/litex/litex/soc/cores/cpu/picorv32 /home/gmojicar/Escritorio/Digital_II/Proyecto/Proyecto_Grupo_4/wp04-2021-2-gr04-main/SoC_project/build/nexys4ddr/software/libc/meson-private/tmpustj7g22/testfile.c -o /home/gmojicar/Escritorio/Digital_II/Proyecto/Proyecto_Grupo_4/wp04-2021-2-gr04-main/SoC_project/build/nexys4ddr/software/libc/meson-private/tmpustj7g22/output.obj -c -Os -mno-save-restore -march=rv32im -mabi=ilp32 -D__picorv32__ -g3 -fomit-frame-pointer -Wall -fno-builtin -fno-stack-protector -fexceptions -Wpragmas -D_FILE_OFFSET_BITS=64 -O0 -ffunction-sections 

Code:
 extern int i;
int i;

Compiler stdout:
 
Compiler stderr:
 
Compiler for C supports arguments -ffunction-sections: YES 
Running compile:
Working directory:  /home/gmojicar/Escritorio/Digital_II/Proyecto/Proyecto_Grupo_4/wp04-2021-2-gr04-main/SoC_project/build/nexys4ddr/software/libc/meson-private/tmptctufra3
Command line:  riscv64-unknown-elf-gcc -I/opt/Litex/pythondata-software-picolibc/pythondata_software_picolibc/data/newlib/libc/tinystdio -I/opt/Litex/pythondata-software-picolibc/pythondata_software_picolibc/data/newlib/libc/include -I/opt/Litex/litex/litex/soc/software/libbase -I/opt/Litex/litex/litex/soc/software/include -I/opt/Litex/litex/litex/soc/software -I/home/gmojicar/Escritorio/Digital_II/Proyecto/Proyecto_Grupo_4/wp04-2021-2-gr04-main/SoC_project/build/nexys4ddr/software/include -I/home/gmojicar/Escritorio/Digital_II/Proyecto/Proyecto_Grupo_4/wp04-2021-2-gr04-main/SoC_project/build/nexys4ddr/software/include/../libc -I/opt/Litex/litex/litex/soc/cores/cpu/picorv32 /home/gmojicar/Escritorio/Digital_II/Proyecto/Proyecto_Grupo_4/wp04-2021-2-gr04-main/SoC_project/build/nexys4ddr/software/libc/meson-private/tmptctufra3/testfile.c -o /home/gmojicar/Escritorio/Digital_II/Proyecto/Proyecto_Grupo_4/wp04-2021-2-gr04-main/SoC_project/build/nexys4ddr/software/libc/meson-private/tmptctufra3/output.obj -c -Os -mno-save-restore -march=rv32im -mabi=ilp32 -D__picorv32__ -g3 -fomit-frame-pointer -Wall -fno-builtin -fno-stack-protector -fexceptions -Wpragmas -D_FILE_OFFSET_BITS=64 -O0 -fstack-protector-all 

Code:
 extern int i;
int i;

Compiler stdout:
 
Compiler stderr:
 
Compiler for C supports arguments -fstack-protector-all: YES 
Running compile:
Working directory:  /home/gmojicar/Escritorio/Digital_II/Proyecto/Proyecto_Grupo_4/wp04-2021-2-gr04-main/SoC_project/build/nexys4ddr/software/libc/meson-private/tmp5bskpyx4
Command line:  riscv64-unknown-elf-gcc -I/opt/Litex/pythondata-software-picolibc/pythondata_software_picolibc/data/newlib/libc/tinystdio -I/opt/Litex/pythondata-software-picolibc/pythondata_software_picolibc/data/newlib/libc/include -I/opt/Litex/litex/litex/soc/software/libbase -I/opt/Litex/litex/litex/soc/software/include -I/opt/Litex/litex/litex/soc/software -I/home/gmojicar/Escritorio/Digital_II/Proyecto/Proyecto_Grupo_4/wp04-2021-2-gr04-main/SoC_project/build/nexys4ddr/software/include -I/home/gmojicar/Escritorio/Digital_II/Proyecto/Proyecto_Grupo_4/wp04-2021-2-gr04-main/SoC_project/build/nexys4ddr/software/include/../libc -I/opt/Litex/litex/litex/soc/cores/cpu/picorv32 /home/gmojicar/Escritorio/Digital_II/Proyecto/Proyecto_Grupo_4/wp04-2021-2-gr04-main/SoC_project/build/nexys4ddr/software/libc/meson-private/tmp5bskpyx4/testfile.c -o /home/gmojicar/Escritorio/Digital_II/Proyecto/Proyecto_Grupo_4/wp04-2021-2-gr04-main/SoC_project/build/nexys4ddr/software/libc/meson-private/tmp5bskpyx4/output.obj -c -Os -mno-save-restore -march=rv32im -mabi=ilp32 -D__picorv32__ -g3 -fomit-frame-pointer -Wall -fno-builtin -fno-stack-protector -fexceptions -Wpragmas -D_FILE_OFFSET_BITS=64 -O0 -fstack-protector-strong 

Code:
 extern int i;
int i;

Compiler stdout:
 
Compiler stderr:
 
Compiler for C supports arguments -fstack-protector-strong: YES 
Running compile:
Working directory:  /home/gmojicar/Escritorio/Digital_II/Proyecto/Proyecto_Grupo_4/wp04-2021-2-gr04-main/SoC_project/build/nexys4ddr/software/libc/meson-private/tmpp45f3n84
Command line:  riscv64-unknown-elf-gcc -I/opt/Litex/pythondata-software-picolibc/pythondata_software_picolibc/data/newlib/libc/tinystdio -I/opt/Litex/pythondata-software-picolibc/pythondata_software_picolibc/data/newlib/libc/include -I/opt/Litex/litex/litex/soc/software/libbase -I/opt/Litex/litex/litex/soc/software/include -I/opt/Litex/litex/litex/soc/software -I/home/gmojicar/Escritorio/Digital_II/Proyecto/Proyecto_Grupo_4/wp04-2021-2-gr04-main/SoC_project/build/nexys4ddr/software/include -I/home/gmojicar/Escritorio/Digital_II/Proyecto/Proyecto_Grupo_4/wp04-2021-2-gr04-main/SoC_project/build/nexys4ddr/software/include/../libc -I/opt/Litex/litex/litex/soc/cores/cpu/picorv32 /home/gmojicar/Escritorio/Digital_II/Proyecto/Proyecto_Grupo_4/wp04-2021-2-gr04-main/SoC_project/build/nexys4ddr/software/libc/meson-private/tmpp45f3n84/testfile.c -o /home/gmojicar/Escritorio/Digital_II/Proyecto/Proyecto_Grupo_4/wp04-2021-2-gr04-main/SoC_project/build/nexys4ddr/software/libc/meson-private/tmpp45f3n84/output.obj -c -Os -mno-save-restore -march=rv32im -mabi=ilp32 -D__picorv32__ -g3 -fomit-frame-pointer -Wall -fno-builtin -fno-stack-protector -fexceptions -Wpragmas -D_FILE_OFFSET_BITS=64 -O0 -fno-builtin-malloc 

Code:
 extern int i;
int i;

Compiler stdout:
 
Compiler stderr:
 
Compiler for C supports arguments -fno-builtin-malloc: YES 
Running compile:
Working directory:  /home/gmojicar/Escritorio/Digital_II/Proyecto/Proyecto_Grupo_4/wp04-2021-2-gr04-main/SoC_project/build/nexys4ddr/software/libc/meson-private/tmpcpd6a7iz
Command line:  riscv64-unknown-elf-gcc -I/opt/Litex/pythondata-software-picolibc/pythondata_software_picolibc/data/newlib/libc/tinystdio -I/opt/Litex/pythondata-software-picolibc/pythondata_software_picolibc/data/newlib/libc/include -I/opt/Litex/litex/litex/soc/software/libbase -I/opt/Litex/litex/litex/soc/software/include -I/opt/Litex/litex/litex/soc/software -I/home/gmojicar/Escritorio/Digital_II/Proyecto/Proyecto_Grupo_4/wp04-2021-2-gr04-main/SoC_project/build/nexys4ddr/software/include -I/home/gmojicar/Escritorio/Digital_II/Proyecto/Proyecto_Grupo_4/wp04-2021-2-gr04-main/SoC_project/build/nexys4ddr/software/include/../libc -I/opt/Litex/litex/litex/soc/cores/cpu/picorv32 /home/gmojicar/Escritorio/Digital_II/Proyecto/Proyecto_Grupo_4/wp04-2021-2-gr04-main/SoC_project/build/nexys4ddr/software/libc/meson-private/tmpcpd6a7iz/testfile.c -o /home/gmojicar/Escritorio/Digital_II/Proyecto/Proyecto_Grupo_4/wp04-2021-2-gr04-main/SoC_project/build/nexys4ddr/software/libc/meson-private/tmpcpd6a7iz/output.obj -c -Os -mno-save-restore -march=rv32im -mabi=ilp32 -D__picorv32__ -g3 -fomit-frame-pointer -Wall -fno-builtin -fno-stack-protector -fexceptions -Wpragmas -D_FILE_OFFSET_BITS=64 -O0 -fno-builtin-free 

Code:
 extern int i;
int i;

Compiler stdout:
 
Compiler stderr:
 
Compiler for C supports arguments -fno-builtin-free: YES 
Message: libc/string/memcpy.c: machine overrides generic
Message: libc/string/memmove.S: machine overrides generic
Message: libc/string/memset.S: machine overrides generic
Message: libc/string/strcpy.c: machine overrides generic
Message: libc/string/strlen.c: machine overrides generic
Message: libc/string/strcmp.S: machine overrides generic
Message: libc/include/sys/fenv.h: machine overrides generic
Message: libc/include/machine/math.h: machine overrides generic
Message: libm/math/s_fabs.c: machine overrides generic
Message: libm/math/s_sqrt.c: machine overrides generic
Message: libm/math/sf_fabs.c: machine overrides generic
Message: libm/math/sf_sqrt.c: machine overrides generic
Message: libm/common/s_finite.c: machine overrides generic
Message: libm/common/s_copysign.c: machine overrides generic
Message: libm/common/s_isinf.c: machine overrides generic
Message: libm/common/s_isnan.c: machine overrides generic
Message: libm/common/s_fma.c: machine overrides generic
Message: libm/common/s_fmax.c: machine overrides generic
Message: libm/common/s_fmin.c: machine overrides generic
Message: libm/common/s_fpclassify.c: machine overrides generic
Message: libm/common/s_lrint.c: machine overrides generic
Message: libm/common/s_llrint.c: machine overrides generic
Message: libm/common/s_lround.c: machine overrides generic
Message: libm/common/s_llround.c: machine overrides generic
Message: libm/common/sf_finite.c: machine overrides generic
Message: libm/common/sf_copysign.c: machine overrides generic
Message: libm/common/sf_isinf.c: machine overrides generic
Message: libm/common/sf_isnan.c: machine overrides generic
Message: libm/common/sf_fma.c: machine overrides generic
Message: libm/common/sf_fmax.c: machine overrides generic
Message: libm/common/sf_fmin.c: machine overrides generic
Message: libm/common/sf_fpclassify.c: machine overrides generic
Message: libm/common/sf_lrint.c: machine overrides generic
Message: libm/common/sf_llrint.c: machine overrides generic
Message: libm/common/sf_lround.c: machine overrides generic
Message: libm/common/sf_llround.c: machine overrides generic
Message: libm/fenv/feclearexcept.c: machine overrides generic
Message: libm/fenv/fegetenv.c: machine overrides generic
Message: libm/fenv/fegetexceptflag.c: machine overrides generic
Message: libm/fenv/fegetround.c: machine overrides generic
Message: libm/fenv/feholdexcept.c: machine overrides generic
Message: libm/fenv/feraiseexcept.c: machine overrides generic
Message: libm/fenv/fesetenv.c: machine overrides generic
Message: libm/fenv/fesetexceptflag.c: machine overrides generic
Message: libm/fenv/fesetround.c: machine overrides generic
Message: libm/fenv/fetestexcept.c: machine overrides generic
Message: libm/fenv/feupdateenv.c: machine overrides generic
Configuring picolibc.h using configuration
Build targets in project: 9

picolibc 1.7.4

  User defined options
    Cross files         : cross.txt
    includedir          : picolibc/riscv64-unknown-elf/include
    libdir              : picolibc/riscv64-unknown-elf/lib
    atomic-ungetc       : false
    format-default      : integer
    io-long-long        : true
    multilib            : false
    picocrt             : false
    thread-local-storage: false

Found ninja-1.10.2.git.kitware.jobserver-1 at /home/gmojicar/.local/bin/ninja
Failed to guess install tag for /opt/Litex/riscv64-unknown-elf-gcc-8.3.0-2019.08.0-x86_64-linux-ubuntu14/bin/../lib/gcc/riscv64-unknown-elf/8.3.0/picolibc.specs
Failed to guess install tag for /opt/Litex/riscv64-unknown-elf-gcc-8.3.0-2019.08.0-x86_64-linux-ubuntu14/bin/../lib/gcc/riscv64-unknown-elf/8.3.0/picolibcpp.specs
Failed to guess install tag for /usr/local/picolibc/riscv64-unknown-elf/lib/picolibc.ld
Failed to guess install tag for /usr/local/picolibc/riscv64-unknown-elf/lib/picolibcpp.ld
Command line for building ['newlib/libc.a'] is long, using a response file
Failed to guess install tag for /opt/Litex/riscv64-unknown-elf-gcc-8.3.0-2019.08.0-x86_64-linux-ubuntu14/bin/../lib/gcc/riscv64-unknown-elf/8.3.0/picolibc.specs
Failed to guess install tag for /opt/Litex/riscv64-unknown-elf-gcc-8.3.0-2019.08.0-x86_64-linux-ubuntu14/bin/../lib/gcc/riscv64-unknown-elf/8.3.0/picolibcpp.specs
Failed to guess install tag for /usr/local/picolibc/riscv64-unknown-elf/lib/picolibc.ld
Failed to guess install tag for /usr/local/picolibc/riscv64-unknown-elf/lib/picolibcpp.ld
